2023-02-05 17:04:46 0 [Note] InnoDB: Mutexes and rw_locks use Windows interlocked functions
2023-02-05 17:04:46 0 [Note] InnoDB: Uses event mutexes
2023-02-05 17:04:46 0 [Note] InnoDB: Compressed tables use zlib 1.2.12
2023-02-05 17:04:46 0 [Note] InnoDB: Number of pools: 1
2023-02-05 17:04:46 0 [Note] InnoDB: Using SSE2 crc32 instructions
2023-02-05 17:04:46 0 [Note] InnoDB: Initializing buffer pool, total size = 256M, instances = 1, chunk size = 128M
2023-02-05 17:04:46 0 [Note] InnoDB: Completed initialization of buffer pool
2023-02-05 17:04:46 0 [Note] InnoDB: Starting crash recovery from checkpoint LSN=300288
2023-02-05 17:04:46 0 [Note] InnoDB: Resizing redo log from 2*5242880 to 2*67108864 bytes; LSN=300306
2023-02-05 17:04:46 0 [Note] InnoDB: Starting to delete and rewrite log files.
2023-02-05 17:04:46 0 [Note] InnoDB: Setting log file C:\Users\josue\Downloads\MoodleWindowsInstaller-latest\server\mysql\data\ib_logfile101 size to 67108864 bytes
2023-02-05 17:04:46 0 [Note] InnoDB: Setting log file C:\Users\josue\Downloads\MoodleWindowsInstaller-latest\server\mysql\data\ib_logfile1 size to 67108864 bytes
2023-02-05 17:04:46 0 [Note] InnoDB: Renaming log file C:\Users\josue\Downloads\MoodleWindowsInstaller-latest\server\mysql\data\ib_logfile101 to C:\Users\josue\Downloads\MoodleWindowsInstaller-latest\server\mysql\data\ib_logfile0
2023-02-05 17:04:46 0 [Note] InnoDB: New log files created, LSN=300306
2023-02-05 17:04:46 0 [ERROR] InnoDB: Operating system error number 3 in a file operation.
2023-02-05 17:04:46 0 [ERROR] InnoDB: The error means the system cannot find the path specified.
2023-02-05 17:04:46 0 [ERROR] InnoDB: If you are installing InnoDB, remember that you must create directories yourself, InnoDB does not create them.
2023-02-05 17:04:46 0 [ERROR] InnoDB: Cannot open datafile for read-only: '.\phpmyadmin\pma__bookmark.ibd' OS error: 203
2023-02-05 17:04:46 0 [ERROR] InnoDB: Operating system error number 203 in a file operation.
2023-02-05 17:04:46 0 [Note] InnoDB: Some operating system error numbers are described at https://mariadb.com/kb/en/library/operating-system-error-codes/
2023-02-05 17:04:46 0 [ERROR] InnoDB: Could not find a valid tablespace file for ``phpmyadmin`.`pma__bookmark``. Please refer to https://mariadb.com/kb/en/innodb-data-dictionary-troubleshooting/ for how to resolve the issue.
2023-02-05 17:04:46 0 [Warning] InnoDB: Ignoring tablespace for `phpmyadmin`.`pma__bookmark` because it could not be opened.
2023-02-05 17:04:46 0 [ERROR] InnoDB: Operating system error number 3 in a file operation.
2023-02-05 17:04:46 0 [ERROR] InnoDB: The error means the system cannot find the path specified.
2023-02-05 17:04:46 0 [ERROR] InnoDB: If you are installing InnoDB, remember that you must create directories yourself, InnoDB does not create them.
2023-02-05 17:04:46 0 [ERROR] InnoDB: Cannot open datafile for read-only: '.\phpmyadmin\pma__central_columns.ibd' OS error: 203
2023-02-05 17:04:46 0 [ERROR] InnoDB: Operating system error number 203 in a file operation.
2023-02-05 17:04:46 0 [Note] InnoDB: Some operating system error numbers are described at https://mariadb.com/kb/en/library/operating-system-error-codes/
2023-02-05 17:04:46 0 [ERROR] InnoDB: Could not find a valid tablespace file for ``phpmyadmin`.`pma__central_columns``. Please refer to https://mariadb.com/kb/en/innodb-data-dictionary-troubleshooting/ for how to resolve the issue.
2023-02-05 17:04:46 0 [Warning] InnoDB: Ignoring tablespace for `phpmyadmin`.`pma__central_columns` because it could not be opened.
2023-02-05 17:04:46 0 [ERROR] InnoDB: Operating system error number 3 in a file operation.
2023-02-05 17:04:46 0 [ERROR] InnoDB: The error means the system cannot find the path specified.
2023-02-05 17:04:46 0 [ERROR] InnoDB: If you are installing InnoDB, remember that you must create directories yourself, InnoDB does not create them.
2023-02-05 17:04:46 0 [ERROR] InnoDB: Cannot open datafile for read-only: '.\phpmyadmin\pma__column_info.ibd' OS error: 203
2023-02-05 17:04:46 0 [ERROR] InnoDB: Operating system error number 203 in a file operation.
2023-02-05 17:04:46 0 [Note] InnoDB: Some operating system error numbers are described at https://mariadb.com/kb/en/library/operating-system-error-codes/
2023-02-05 17:04:46 0 [ERROR] InnoDB: Could not find a valid tablespace file for ``phpmyadmin`.`pma__column_info``. Please refer to https://mariadb.com/kb/en/innodb-data-dictionary-troubleshooting/ for how to resolve the issue.
2023-02-05 17:04:46 0 [Warning] InnoDB: Ignoring tablespace for `phpmyadmin`.`pma__column_info` because it could not be opened.
2023-02-05 17:04:46 0 [ERROR] InnoDB: Operating system error number 3 in a file operation.
2023-02-05 17:04:46 0 [ERROR] InnoDB: The error means the system cannot find the path specified.
2023-02-05 17:04:46 0 [ERROR] InnoDB: If you are installing InnoDB, remember that you must create directories yourself, InnoDB does not create them.
2023-02-05 17:04:46 0 [ERROR] InnoDB: Cannot open datafile for read-only: '.\phpmyadmin\pma__designer_settings.ibd' OS error: 203
2023-02-05 17:04:46 0 [ERROR] InnoDB: Operating system error number 203 in a file operation.
2023-02-05 17:04:46 0 [Note] InnoDB: Some operating system error numbers are described at https://mariadb.com/kb/en/library/operating-system-error-codes/
2023-02-05 17:04:46 0 [ERROR] InnoDB: Could not find a valid tablespace file for ``phpmyadmin`.`pma__designer_settings``. Please refer to https://mariadb.com/kb/en/innodb-data-dictionary-troubleshooting/ for how to resolve the issue.
2023-02-05 17:04:46 0 [Warning] InnoDB: Ignoring tablespace for `phpmyadmin`.`pma__designer_settings` because it could not be opened.
2023-02-05 17:04:46 0 [ERROR] InnoDB: Operating system error number 3 in a file operation.
2023-02-05 17:04:46 0 [ERROR] InnoDB: The error means the system cannot find the path specified.
2023-02-05 17:04:46 0 [ERROR] InnoDB: If you are installing InnoDB, remember that you must create directories yourself, InnoDB does not create them.
2023-02-05 17:04:46 0 [ERROR] InnoDB: Cannot open datafile for read-only: '.\phpmyadmin\pma__export_templates.ibd' OS error: 203
2023-02-05 17:04:46 0 [ERROR] InnoDB: Operating system error number 203 in a file operation.
2023-02-05 17:04:46 0 [Note] InnoDB: Some operating system error numbers are described at https://mariadb.com/kb/en/library/operating-system-error-codes/
2023-02-05 17:04:46 0 [ERROR] InnoDB: Could not find a valid tablespace file for ``phpmyadmin`.`pma__export_templates``. Please refer to https://mariadb.com/kb/en/innodb-data-dictionary-troubleshooting/ for how to resolve the issue.
2023-02-05 17:04:46 0 [Warning] InnoDB: Ignoring tablespace for `phpmyadmin`.`pma__export_templates` because it could not be opened.
2023-02-05 17:04:46 0 [ERROR] InnoDB: Operating system error number 3 in a file operation.
2023-02-05 17:04:46 0 [ERROR] InnoDB: The error means the system cannot find the path specified.
2023-02-05 17:04:46 0 [ERROR] InnoDB: If you are installing InnoDB, remember that you must create directories yourself, InnoDB does not create them.
2023-02-05 17:04:46 0 [ERROR] InnoDB: Cannot open datafile for read-only: '.\phpmyadmin\pma__favorite.ibd' OS error: 203
2023-02-05 17:04:46 0 [ERROR] InnoDB: Operating system error number 203 in a file operation.
2023-02-05 17:04:46 0 [Note] InnoDB: Some operating system error numbers are described at https://mariadb.com/kb/en/library/operating-system-error-codes/
2023-02-05 17:04:46 0 [ERROR] InnoDB: Could not find a valid tablespace file for ``phpmyadmin`.`pma__favorite``. Please refer to https://mariadb.com/kb/en/innodb-data-dictionary-troubleshooting/ for how to resolve the issue.
2023-02-05 17:04:46 0 [Warning] InnoDB: Ignoring tablespace for `phpmyadmin`.`pma__favorite` because it could not be opened.
2023-02-05 17:04:46 0 [ERROR] InnoDB: Operating system error number 3 in a file operation.
2023-02-05 17:04:46 0 [ERROR] InnoDB: The error means the system cannot find the path specified.
2023-02-05 17:04:46 0 [ERROR] InnoDB: If you are installing InnoDB, remember that you must create directories yourself, InnoDB does not create them.
2023-02-05 17:04:46 0 [ERROR] InnoDB: Cannot open datafile for read-only: '.\phpmyadmin\pma__history.ibd' OS error: 203
2023-02-05 17:04:46 0 [ERROR] InnoDB: Operating system error number 203 in a file operation.
2023-02-05 17:04:46 0 [Note] InnoDB: Some operating system error numbers are described at https://mariadb.com/kb/en/library/operating-system-error-codes/
2023-02-05 17:04:46 0 [ERROR] InnoDB: Could not find a valid tablespace file for ``phpmyadmin`.`pma__history``. Please refer to https://mariadb.com/kb/en/innodb-data-dictionary-troubleshooting/ for how to resolve the issue.
2023-02-05 17:04:46 0 [Warning] InnoDB: Ignoring tablespace for `phpmyadmin`.`pma__history` because it could not be opened.
2023-02-05 17:04:46 0 [ERROR] InnoDB: Operating system error number 3 in a file operation.
2023-02-05 17:04:46 0 [ERROR] InnoDB: The error means the system cannot find the path specified.
2023-02-05 17:04:46 0 [ERROR] InnoDB: If you are installing InnoDB, remember that you must create directories yourself, InnoDB does not create them.
2023-02-05 17:04:46 0 [ERROR] InnoDB: Cannot open datafile for read-only: '.\phpmyadmin\pma__navigationhiding.ibd' OS error: 203
2023-02-05 17:04:46 0 [ERROR] InnoDB: Operating system error number 203 in a file operation.
2023-02-05 17:04:46 0 [Note] InnoDB: Some operating system error numbers are described at https://mariadb.com/kb/en/library/operating-system-error-codes/
2023-02-05 17:04:46 0 [ERROR] InnoDB: Could not find a valid tablespace file for ``phpmyadmin`.`pma__navigationhiding``. Please refer to https://mariadb.com/kb/en/innodb-data-dictionary-troubleshooting/ for how to resolve the issue.
2023-02-05 17:04:46 0 [Warning] InnoDB: Ignoring tablespace for `phpmyadmin`.`pma__navigationhiding` because it could not be opened.
2023-02-05 17:04:46 0 [ERROR] InnoDB: Operating system error number 3 in a file operation.
2023-02-05 17:04:46 0 [ERROR] InnoDB: The error means the system cannot find the path specified.
2023-02-05 17:04:46 0 [ERROR] InnoDB: If you are installing InnoDB, remember that you must create directories yourself, InnoDB does not create them.
2023-02-05 17:04:46 0 [ERROR] InnoDB: Cannot open datafile for read-only: '.\phpmyadmin\pma__pdf_pages.ibd' OS error: 203
2023-02-05 17:04:46 0 [ERROR] InnoDB: Operating system error number 203 in a file operation.
2023-02-05 17:04:46 0 [Note] InnoDB: Some operating system error numbers are described at https://mariadb.com/kb/en/library/operating-system-error-codes/
2023-02-05 17:04:46 0 [ERROR] InnoDB: Could not find a valid tablespace file for ``phpmyadmin`.`pma__pdf_pages``. Please refer to https://mariadb.com/kb/en/innodb-data-dictionary-troubleshooting/ for how to resolve the issue.
2023-02-05 17:04:46 0 [Warning] InnoDB: Ignoring tablespace for `phpmyadmin`.`pma__pdf_pages` because it could not be opened.
2023-02-05 17:04:46 0 [ERROR] InnoDB: Operating system error number 3 in a file operation.
2023-02-05 17:04:46 0 [ERROR] InnoDB: The error means the system cannot find the path specified.
2023-02-05 17:04:46 0 [ERROR] InnoDB: If you are installing InnoDB, remember that you must create directories yourself, InnoDB does not create them.
2023-02-05 17:04:46 0 [ERROR] InnoDB: Cannot open datafile for read-only: '.\phpmyadmin\pma__recent.ibd' OS error: 203
2023-02-05 17:04:46 0 [ERROR] InnoDB: Operating system error number 203 in a file operation.
2023-02-05 17:04:46 0 [Note] InnoDB: Some operating system error numbers are described at https://mariadb.com/kb/en/library/operating-system-error-codes/
2023-02-05 17:04:46 0 [ERROR] InnoDB: Could not find a valid tablespace file for ``phpmyadmin`.`pma__recent``. Please refer to https://mariadb.com/kb/en/innodb-data-dictionary-troubleshooting/ for how to resolve the issue.
2023-02-05 17:04:46 0 [Warning] InnoDB: Ignoring tablespace for `phpmyadmin`.`pma__recent` because it could not be opened.
2023-02-05 17:04:46 0 [ERROR] InnoDB: Operating system error number 3 in a file operation.
2023-02-05 17:04:46 0 [ERROR] InnoDB: The error means the system cannot find the path specified.
2023-02-05 17:04:46 0 [ERROR] InnoDB: If you are installing InnoDB, remember that you must create directories yourself, InnoDB does not create them.
2023-02-05 17:04:46 0 [ERROR] InnoDB: Cannot open datafile for read-only: '.\phpmyadmin\pma__relation.ibd' OS error: 203
2023-02-05 17:04:46 0 [ERROR] InnoDB: Operating system error number 203 in a file operation.
2023-02-05 17:04:46 0 [Note] InnoDB: Some operating system error numbers are described at https://mariadb.com/kb/en/library/operating-system-error-codes/
2023-02-05 17:04:46 0 [ERROR] InnoDB: Could not find a valid tablespace file for ``phpmyadmin`.`pma__relation``. Please refer to https://mariadb.com/kb/en/innodb-data-dictionary-troubleshooting/ for how to resolve the issue.
2023-02-05 17:04:46 0 [Warning] InnoDB: Ignoring tablespace for `phpmyadmin`.`pma__relation` because it could not be opened.
2023-02-05 17:04:46 0 [ERROR] InnoDB: Operating system error number 3 in a file operation.
2023-02-05 17:04:46 0 [ERROR] InnoDB: The error means the system cannot find the path specified.
2023-02-05 17:04:46 0 [ERROR] InnoDB: If you are installing InnoDB, remember that you must create directories yourself, InnoDB does not create them.
2023-02-05 17:04:46 0 [ERROR] InnoDB: Cannot open datafile for read-only: '.\phpmyadmin\pma__savedsearches.ibd' OS error: 203
2023-02-05 17:04:46 0 [ERROR] InnoDB: Operating system error number 203 in a file operation.
2023-02-05 17:04:46 0 [Note] InnoDB: Some operating system error numbers are described at https://mariadb.com/kb/en/library/operating-system-error-codes/
2023-02-05 17:04:46 0 [ERROR] InnoDB: Could not find a valid tablespace file for ``phpmyadmin`.`pma__savedsearches``. Please refer to https://mariadb.com/kb/en/innodb-data-dictionary-troubleshooting/ for how to resolve the issue.
2023-02-05 17:04:46 0 [Warning] InnoDB: Ignoring tablespace for `phpmyadmin`.`pma__savedsearches` because it could not be opened.
2023-02-05 17:04:46 0 [ERROR] InnoDB: Operating system error number 3 in a file operation.
2023-02-05 17:04:46 0 [ERROR] InnoDB: The error means the system cannot find the path specified.
2023-02-05 17:04:46 0 [ERROR] InnoDB: If you are installing InnoDB, remember that you must create directories yourself, InnoDB does not create them.
2023-02-05 17:04:46 0 [ERROR] InnoDB: Cannot open datafile for read-only: '.\phpmyadmin\pma__table_coords.ibd' OS error: 203
2023-02-05 17:04:46 0 [ERROR] InnoDB: Operating system error number 203 in a file operation.
2023-02-05 17:04:46 0 [Note] InnoDB: Some operating system error numbers are described at https://mariadb.com/kb/en/library/operating-system-error-codes/
2023-02-05 17:04:46 0 [ERROR] InnoDB: Could not find a valid tablespace file for ``phpmyadmin`.`pma__table_coords``. Please refer to https://mariadb.com/kb/en/innodb-data-dictionary-troubleshooting/ for how to resolve the issue.
2023-02-05 17:04:46 0 [Warning] InnoDB: Ignoring tablespace for `phpmyadmin`.`pma__table_coords` because it could not be opened.
2023-02-05 17:04:46 0 [ERROR] InnoDB: Operating system error number 3 in a file operation.
2023-02-05 17:04:46 0 [ERROR] InnoDB: The error means the system cannot find the path specified.
2023-02-05 17:04:46 0 [ERROR] InnoDB: If you are installing InnoDB, remember that you must create directories yourself, InnoDB does not create them.
2023-02-05 17:04:46 0 [ERROR] InnoDB: Cannot open datafile for read-only: '.\phpmyadmin\pma__table_info.ibd' OS error: 203
2023-02-05 17:04:46 0 [ERROR] InnoDB: Operating system error number 203 in a file operation.
2023-02-05 17:04:46 0 [Note] InnoDB: Some operating system error numbers are described at https://mariadb.com/kb/en/library/operating-system-error-codes/
2023-02-05 17:04:46 0 [ERROR] InnoDB: Could not find a valid tablespace file for ``phpmyadmin`.`pma__table_info``. Please refer to https://mariadb.com/kb/en/innodb-data-dictionary-troubleshooting/ for how to resolve the issue.
2023-02-05 17:04:46 0 [Warning] InnoDB: Ignoring tablespace for `phpmyadmin`.`pma__table_info` because it could not be opened.
2023-02-05 17:04:46 0 [ERROR] InnoDB: Operating system error number 3 in a file operation.
2023-02-05 17:04:46 0 [ERROR] InnoDB: The error means the system cannot find the path specified.
2023-02-05 17:04:46 0 [ERROR] InnoDB: If you are installing InnoDB, remember that you must create directories yourself, InnoDB does not create them.
2023-02-05 17:04:46 0 [ERROR] InnoDB: Cannot open datafile for read-only: '.\phpmyadmin\pma__table_uiprefs.ibd' OS error: 203
2023-02-05 17:04:46 0 [ERROR] InnoDB: Operating system error number 203 in a file operation.
2023-02-05 17:04:46 0 [Note] InnoDB: Some operating system error numbers are described at https://mariadb.com/kb/en/library/operating-system-error-codes/
2023-02-05 17:04:46 0 [ERROR] InnoDB: Could not find a valid tablespace file for ``phpmyadmin`.`pma__table_uiprefs``. Please refer to https://mariadb.com/kb/en/innodb-data-dictionary-troubleshooting/ for how to resolve the issue.
2023-02-05 17:04:46 0 [Warning] InnoDB: Ignoring tablespace for `phpmyadmin`.`pma__table_uiprefs` because it could not be opened.
2023-02-05 17:04:46 0 [ERROR] InnoDB: Operating system error number 3 in a file operation.
2023-02-05 17:04:46 0 [ERROR] InnoDB: The error means the system cannot find the path specified.
2023-02-05 17:04:46 0 [ERROR] InnoDB: If you are installing InnoDB, remember that you must create directories yourself, InnoDB does not create them.
2023-02-05 17:04:46 0 [ERROR] InnoDB: Cannot open datafile for read-only: '.\phpmyadmin\pma__tracking.ibd' OS error: 203
2023-02-05 17:04:46 0 [ERROR] InnoDB: Operating system error number 203 in a file operation.
2023-02-05 17:04:46 0 [Note] InnoDB: Some operating system error numbers are described at https://mariadb.com/kb/en/library/operating-system-error-codes/
2023-02-05 17:04:46 0 [ERROR] InnoDB: Could not find a valid tablespace file for ``phpmyadmin`.`pma__tracking``. Please refer to https://mariadb.com/kb/en/innodb-data-dictionary-troubleshooting/ for how to resolve the issue.
2023-02-05 17:04:46 0 [Warning] InnoDB: Ignoring tablespace for `phpmyadmin`.`pma__tracking` because it could not be opened.
2023-02-05 17:04:46 0 [ERROR] InnoDB: Operating system error number 3 in a file operation.
2023-02-05 17:04:46 0 [ERROR] InnoDB: The error means the system cannot find the path specified.
2023-02-05 17:04:46 0 [ERROR] InnoDB: If you are installing InnoDB, remember that you must create directories yourself, InnoDB does not create them.
2023-02-05 17:04:46 0 [ERROR] InnoDB: Cannot open datafile for read-only: '.\phpmyadmin\pma__userconfig.ibd' OS error: 203
2023-02-05 17:04:46 0 [ERROR] InnoDB: Operating system error number 203 in a file operation.
2023-02-05 17:04:46 0 [Note] InnoDB: Some operating system error numbers are described at https://mariadb.com/kb/en/library/operating-system-error-codes/
2023-02-05 17:04:46 0 [ERROR] InnoDB: Could not find a valid tablespace file for ``phpmyadmin`.`pma__userconfig``. Please refer to https://mariadb.com/kb/en/innodb-data-dictionary-troubleshooting/ for how to resolve the issue.
2023-02-05 17:04:46 0 [Warning] InnoDB: Ignoring tablespace for `phpmyadmin`.`pma__userconfig` because it could not be opened.
2023-02-05 17:04:46 0 [ERROR] InnoDB: Operating system error number 3 in a file operation.
2023-02-05 17:04:46 0 [ERROR] InnoDB: The error means the system cannot find the path specified.
2023-02-05 17:04:46 0 [ERROR] InnoDB: If you are installing InnoDB, remember that you must create directories yourself, InnoDB does not create them.
2023-02-05 17:04:46 0 [ERROR] InnoDB: Cannot open datafile for read-only: '.\phpmyadmin\pma__usergroups.ibd' OS error: 203
2023-02-05 17:04:46 0 [ERROR] InnoDB: Operating system error number 203 in a file operation.
2023-02-05 17:04:46 0 [Note] InnoDB: Some operating system error numbers are described at https://mariadb.com/kb/en/library/operating-system-error-codes/
2023-02-05 17:04:46 0 [ERROR] InnoDB: Could not find a valid tablespace file for ``phpmyadmin`.`pma__usergroups``. Please refer to https://mariadb.com/kb/en/innodb-data-dictionary-troubleshooting/ for how to resolve the issue.
2023-02-05 17:04:46 0 [Warning] InnoDB: Ignoring tablespace for `phpmyadmin`.`pma__usergroups` because it could not be opened.
2023-02-05 17:04:46 0 [ERROR] InnoDB: Operating system error number 3 in a file operation.
2023-02-05 17:04:46 0 [ERROR] InnoDB: The error means the system cannot find the path specified.
2023-02-05 17:04:46 0 [ERROR] InnoDB: If you are installing InnoDB, remember that you must create directories yourself, InnoDB does not create them.
2023-02-05 17:04:46 0 [ERROR] InnoDB: Cannot open datafile for read-only: '.\phpmyadmin\pma__users.ibd' OS error: 203
2023-02-05 17:04:46 0 [ERROR] InnoDB: Operating system error number 203 in a file operation.
2023-02-05 17:04:46 0 [Note] InnoDB: Some operating system error numbers are described at https://mariadb.com/kb/en/library/operating-system-error-codes/
2023-02-05 17:04:46 0 [ERROR] InnoDB: Could not find a valid tablespace file for ``phpmyadmin`.`pma__users``. Please refer to https://mariadb.com/kb/en/innodb-data-dictionary-troubleshooting/ for how to resolve the issue.
2023-02-05 17:04:46 0 [Warning] InnoDB: Ignoring tablespace for `phpmyadmin`.`pma__users` because it could not be opened.
2023-02-05 17:04:46 0 [Note] InnoDB: 128 out of 128 rollback segments are active.
2023-02-05 17:04:46 0 [Note] InnoDB: Removed temporary tablespace data file: "ibtmp1"
2023-02-05 17:04:46 0 [Note] InnoDB: Creating shared tablespace for temporary tables
2023-02-05 17:04:46 0 [Note] InnoDB: Setting file 'C:\Users\josue\Downloads\MoodleWindowsInstaller-latest\server\mysql\data\ibtmp1' size to 12 MB. Physically writing the file full; Please wait ...
2023-02-05 17:04:46 0 [Note] InnoDB: File 'C:\Users\josue\Downloads\MoodleWindowsInstaller-latest\server\mysql\data\ibtmp1' size is now 12 MB.
2023-02-05 17:04:46 0 [Note] InnoDB: Waiting for purge to start
2023-02-05 17:04:46 1 [ERROR] InnoDB: Operating system error number 3 in a file operation.
2023-02-05 17:04:46 1 [ERROR] InnoDB: The error means the system cannot find the path specified.
2023-02-05 17:04:46 1 [ERROR] InnoDB: If you are installing InnoDB, remember that you must create directories yourself, InnoDB does not create them.
2023-02-05 17:04:46 1 [ERROR] InnoDB: Cannot open datafile for read-only: '.\phpmyadmin\pma__userconfig.ibd' OS error: 203
2023-02-05 17:04:46 1 [ERROR] InnoDB: Operating system error number 203 in a file operation.
2023-02-05 17:04:46 1 [Note] InnoDB: Some operating system error numbers are described at https://mariadb.com/kb/en/library/operating-system-error-codes/
2023-02-05 17:04:46 1 [ERROR] InnoDB: Could not find a valid tablespace file for ``phpmyadmin`.`pma__userconfig``. Please refer to https://mariadb.com/kb/en/innodb-data-dictionary-troubleshooting/ for how to resolve the issue.
2023-02-05 17:04:46 0 [Note] InnoDB: 10.4.27 started; log sequence number 300306; transaction id 170
2023-02-05 17:04:46 0 [Note] InnoDB: Loading buffer pool(s) from C:\Users\josue\Downloads\MoodleWindowsInstaller-latest\server\mysql\data\ib_buffer_pool
2023-02-05 17:04:46 0 [Note] Plugin 'FEEDBACK' is disabled.
2023-02-05 17:04:46 0 [Note] InnoDB: Buffer pool(s) load completed at 230205 17:04:46
2023-02-05 17:04:46 0 [Note] Server socket created on IP: '::'.
2023-02-05 17:04:46 0 [Note] Reading of all Master_info entries succeeded
2023-02-05 17:04:46 0 [Note] Added new Master_info '' to hash table
2023-02-05 17:04:46 0 [Note] mysql\bin\mysqld.exe: ready for connections.
Version: '10.4.27-MariaDB'  socket: ''  port: 3306  mariadb.org binary distribution
2023-02-05 19:38:31 0 [Note] mysql\bin\mysqld.exe (initiated by: unknown): Normal shutdown
2023-02-05 19:38:31 0 [Note] Event Scheduler: Purging the queue. 0 events
2023-02-05 19:38:31 0 [Note] InnoDB: FTS optimize thread exiting.
2023-02-05 19:38:31 0 [Note] InnoDB: Starting shutdown...
2023-02-05 19:38:31 0 [Note] InnoDB: Dumping buffer pool(s) to C:\Users\josue\Downloads\MoodleWindowsInstaller-latest\server\mysql\data\ib_buffer_pool
2023-02-05 19:38:31 0 [Note] InnoDB: Buffer pool(s) dump completed at 230205 19:38:31
2023-02-05 19:38:32 0 [Note] InnoDB: Removed temporary tablespace data file: "ibtmp1"
2023-02-05 19:38:32 0 [Note] InnoDB: Shutdown completed; log sequence number 17055092; transaction id 33342
2023-02-05 19:38:32 0 [Note] mysql\bin\mysqld.exe: Shutdown complete

2023-02-05 19:38:34 0 [Note] InnoDB: Mutexes and rw_locks use Windows interlocked functions
2023-02-05 19:38:34 0 [Note] InnoDB: Uses event mutexes
2023-02-05 19:38:34 0 [Note] InnoDB: Compressed tables use zlib 1.2.12
2023-02-05 19:38:34 0 [Note] InnoDB: Number of pools: 1
2023-02-05 19:38:34 0 [Note] InnoDB: Using SSE2 crc32 instructions
2023-02-05 19:38:34 0 [Note] InnoDB: Initializing buffer pool, total size = 256M, instances = 1, chunk size = 128M
2023-02-05 19:38:34 0 [Note] InnoDB: Completed initialization of buffer pool
2023-02-05 19:38:34 0 [ERROR] InnoDB: Operating system error number 3 in a file operation.
2023-02-05 19:38:34 0 [ERROR] InnoDB: The error means the system cannot find the path specified.
2023-02-05 19:38:34 0 [ERROR] InnoDB: If you are installing InnoDB, remember that you must create directories yourself, InnoDB does not create them.
2023-02-05 19:38:34 0 [ERROR] InnoDB: Cannot open datafile for read-only: '.\phpmyadmin\pma__bookmark.ibd' OS error: 203
2023-02-05 19:38:34 0 [ERROR] InnoDB: Operating system error number 203 in a file operation.
2023-02-05 19:38:34 0 [Note] InnoDB: Some operating system error numbers are described at https://mariadb.com/kb/en/library/operating-system-error-codes/
2023-02-05 19:38:34 0 [ERROR] InnoDB: Could not find a valid tablespace file for ``phpmyadmin`.`pma__bookmark``. Please refer to https://mariadb.com/kb/en/innodb-data-dictionary-troubleshooting/ for how to resolve the issue.
2023-02-05 19:38:34 0 [Warning] InnoDB: Ignoring tablespace for `phpmyadmin`.`pma__bookmark` because it could not be opened.
2023-02-05 19:38:34 0 [ERROR] InnoDB: Operating system error number 3 in a file operation.
2023-02-05 19:38:34 0 [ERROR] InnoDB: The error means the system cannot find the path specified.
2023-02-05 19:38:34 0 [ERROR] InnoDB: If you are installing InnoDB, remember that you must create directories yourself, InnoDB does not create them.
2023-02-05 19:38:34 0 [ERROR] InnoDB: Cannot open datafile for read-only: '.\phpmyadmin\pma__central_columns.ibd' OS error: 203
2023-02-05 19:38:34 0 [ERROR] InnoDB: Operating system error number 203 in a file operation.
2023-02-05 19:38:34 0 [Note] InnoDB: Some operating system error numbers are described at https://mariadb.com/kb/en/library/operating-system-error-codes/
2023-02-05 19:38:34 0 [ERROR] InnoDB: Could not find a valid tablespace file for ``phpmyadmin`.`pma__central_columns``. Please refer to https://mariadb.com/kb/en/innodb-data-dictionary-troubleshooting/ for how to resolve the issue.
2023-02-05 19:38:34 0 [Warning] InnoDB: Ignoring tablespace for `phpmyadmin`.`pma__central_columns` because it could not be opened.
2023-02-05 19:38:34 0 [ERROR] InnoDB: Operating system error number 3 in a file operation.
2023-02-05 19:38:34 0 [ERROR] InnoDB: The error means the system cannot find the path specified.
2023-02-05 19:38:34 0 [ERROR] InnoDB: If you are installing InnoDB, remember that you must create directories yourself, InnoDB does not create them.
2023-02-05 19:38:34 0 [ERROR] InnoDB: Cannot open datafile for read-only: '.\phpmyadmin\pma__column_info.ibd' OS error: 203
2023-02-05 19:38:34 0 [ERROR] InnoDB: Operating system error number 203 in a file operation.
2023-02-05 19:38:34 0 [Note] InnoDB: Some operating system error numbers are described at https://mariadb.com/kb/en/library/operating-system-error-codes/
2023-02-05 19:38:34 0 [ERROR] InnoDB: Could not find a valid tablespace file for ``phpmyadmin`.`pma__column_info``. Please refer to https://mariadb.com/kb/en/innodb-data-dictionary-troubleshooting/ for how to resolve the issue.
2023-02-05 19:38:34 0 [Warning] InnoDB: Ignoring tablespace for `phpmyadmin`.`pma__column_info` because it could not be opened.
2023-02-05 19:38:34 0 [ERROR] InnoDB: Operating system error number 3 in a file operation.
2023-02-05 19:38:34 0 [ERROR] InnoDB: The error means the system cannot find the path specified.
2023-02-05 19:38:34 0 [ERROR] InnoDB: If you are installing InnoDB, remember that you must create directories yourself, InnoDB does not create them.
2023-02-05 19:38:34 0 [ERROR] InnoDB: Cannot open datafile for read-only: '.\phpmyadmin\pma__designer_settings.ibd' OS error: 203
2023-02-05 19:38:34 0 [ERROR] InnoDB: Operating system error number 203 in a file operation.
2023-02-05 19:38:34 0 [Note] InnoDB: Some operating system error numbers are described at https://mariadb.com/kb/en/library/operating-system-error-codes/
2023-02-05 19:38:34 0 [ERROR] InnoDB: Could not find a valid tablespace file for ``phpmyadmin`.`pma__designer_settings``. Please refer to https://mariadb.com/kb/en/innodb-data-dictionary-troubleshooting/ for how to resolve the issue.
2023-02-05 19:38:34 0 [Warning] InnoDB: Ignoring tablespace for `phpmyadmin`.`pma__designer_settings` because it could not be opened.
2023-02-05 19:38:34 0 [ERROR] InnoDB: Operating system error number 3 in a file operation.
2023-02-05 19:38:34 0 [ERROR] InnoDB: The error means the system cannot find the path specified.
2023-02-05 19:38:34 0 [ERROR] InnoDB: If you are installing InnoDB, remember that you must create directories yourself, InnoDB does not create them.
2023-02-05 19:38:34 0 [ERROR] InnoDB: Cannot open datafile for read-only: '.\phpmyadmin\pma__export_templates.ibd' OS error: 203
2023-02-05 19:38:34 0 [ERROR] InnoDB: Operating system error number 203 in a file operation.
2023-02-05 19:38:34 0 [Note] InnoDB: Some operating system error numbers are described at https://mariadb.com/kb/en/library/operating-system-error-codes/
2023-02-05 19:38:34 0 [ERROR] InnoDB: Could not find a valid tablespace file for ``phpmyadmin`.`pma__export_templates``. Please refer to https://mariadb.com/kb/en/innodb-data-dictionary-troubleshooting/ for how to resolve the issue.
2023-02-05 19:38:34 0 [Warning] InnoDB: Ignoring tablespace for `phpmyadmin`.`pma__export_templates` because it could not be opened.
2023-02-05 19:38:34 0 [ERROR] InnoDB: Operating system error number 3 in a file operation.
2023-02-05 19:38:34 0 [ERROR] InnoDB: The error means the system cannot find the path specified.
2023-02-05 19:38:34 0 [ERROR] InnoDB: If you are installing InnoDB, remember that you must create directories yourself, InnoDB does not create them.
2023-02-05 19:38:34 0 [ERROR] InnoDB: Cannot open datafile for read-only: '.\phpmyadmin\pma__favorite.ibd' OS error: 203
2023-02-05 19:38:34 0 [ERROR] InnoDB: Operating system error number 203 in a file operation.
2023-02-05 19:38:34 0 [Note] InnoDB: Some operating system error numbers are described at https://mariadb.com/kb/en/library/operating-system-error-codes/
2023-02-05 19:38:34 0 [ERROR] InnoDB: Could not find a valid tablespace file for ``phpmyadmin`.`pma__favorite``. Please refer to https://mariadb.com/kb/en/innodb-data-dictionary-troubleshooting/ for how to resolve the issue.
2023-02-05 19:38:34 0 [Warning] InnoDB: Ignoring tablespace for `phpmyadmin`.`pma__favorite` because it could not be opened.
2023-02-05 19:38:34 0 [ERROR] InnoDB: Operating system error number 3 in a file operation.
2023-02-05 19:38:34 0 [ERROR] InnoDB: The error means the system cannot find the path specified.
2023-02-05 19:38:34 0 [ERROR] InnoDB: If you are installing InnoDB, remember that you must create directories yourself, InnoDB does not create them.
2023-02-05 19:38:34 0 [ERROR] InnoDB: Cannot open datafile for read-only: '.\phpmyadmin\pma__history.ibd' OS error: 203
2023-02-05 19:38:34 0 [ERROR] InnoDB: Operating system error number 203 in a file operation.
2023-02-05 19:38:34 0 [Note] InnoDB: Some operating system error numbers are described at https://mariadb.com/kb/en/library/operating-system-error-codes/
2023-02-05 19:38:34 0 [ERROR] InnoDB: Could not find a valid tablespace file for ``phpmyadmin`.`pma__history``. Please refer to https://mariadb.com/kb/en/innodb-data-dictionary-troubleshooting/ for how to resolve the issue.
2023-02-05 19:38:34 0 [Warning] InnoDB: Ignoring tablespace for `phpmyadmin`.`pma__history` because it could not be opened.
2023-02-05 19:38:34 0 [ERROR] InnoDB: Operating system error number 3 in a file operation.
2023-02-05 19:38:34 0 [ERROR] InnoDB: The error means the system cannot find the path specified.
2023-02-05 19:38:34 0 [ERROR] InnoDB: If you are installing InnoDB, remember that you must create directories yourself, InnoDB does not create them.
2023-02-05 19:38:34 0 [ERROR] InnoDB: Cannot open datafile for read-only: '.\phpmyadmin\pma__navigationhiding.ibd' OS error: 203
2023-02-05 19:38:34 0 [ERROR] InnoDB: Operating system error number 203 in a file operation.
2023-02-05 19:38:34 0 [Note] InnoDB: Some operating system error numbers are described at https://mariadb.com/kb/en/library/operating-system-error-codes/
2023-02-05 19:38:34 0 [ERROR] InnoDB: Could not find a valid tablespace file for ``phpmyadmin`.`pma__navigationhiding``. Please refer to https://mariadb.com/kb/en/innodb-data-dictionary-troubleshooting/ for how to resolve the issue.
2023-02-05 19:38:34 0 [Warning] InnoDB: Ignoring tablespace for `phpmyadmin`.`pma__navigationhiding` because it could not be opened.
2023-02-05 19:38:34 0 [ERROR] InnoDB: Operating system error number 3 in a file operation.
2023-02-05 19:38:34 0 [ERROR] InnoDB: The error means the system cannot find the path specified.
2023-02-05 19:38:34 0 [ERROR] InnoDB: If you are installing InnoDB, remember that you must create directories yourself, InnoDB does not create them.
2023-02-05 19:38:34 0 [ERROR] InnoDB: Cannot open datafile for read-only: '.\phpmyadmin\pma__pdf_pages.ibd' OS error: 203
2023-02-05 19:38:34 0 [ERROR] InnoDB: Operating system error number 203 in a file operation.
2023-02-05 19:38:34 0 [Note] InnoDB: Some operating system error numbers are described at https://mariadb.com/kb/en/library/operating-system-error-codes/
2023-02-05 19:38:34 0 [ERROR] InnoDB: Could not find a valid tablespace file for ``phpmyadmin`.`pma__pdf_pages``. Please refer to https://mariadb.com/kb/en/innodb-data-dictionary-troubleshooting/ for how to resolve the issue.
2023-02-05 19:38:34 0 [Warning] InnoDB: Ignoring tablespace for `phpmyadmin`.`pma__pdf_pages` because it could not be opened.
2023-02-05 19:38:34 0 [ERROR] InnoDB: Operating system error number 3 in a file operation.
2023-02-05 19:38:34 0 [ERROR] InnoDB: The error means the system cannot find the path specified.
2023-02-05 19:38:34 0 [ERROR] InnoDB: If you are installing InnoDB, remember that you must create directories yourself, InnoDB does not create them.
2023-02-05 19:38:34 0 [ERROR] InnoDB: Cannot open datafile for read-only: '.\phpmyadmin\pma__recent.ibd' OS error: 203
2023-02-05 19:38:34 0 [ERROR] InnoDB: Operating system error number 203 in a file operation.
2023-02-05 19:38:34 0 [Note] InnoDB: Some operating system error numbers are described at https://mariadb.com/kb/en/library/operating-system-error-codes/
2023-02-05 19:38:34 0 [ERROR] InnoDB: Could not find a valid tablespace file for ``phpmyadmin`.`pma__recent``. Please refer to https://mariadb.com/kb/en/innodb-data-dictionary-troubleshooting/ for how to resolve the issue.
2023-02-05 19:38:34 0 [Warning] InnoDB: Ignoring tablespace for `phpmyadmin`.`pma__recent` because it could not be opened.
2023-02-05 19:38:34 0 [ERROR] InnoDB: Operating system error number 3 in a file operation.
2023-02-05 19:38:34 0 [ERROR] InnoDB: The error means the system cannot find the path specified.
2023-02-05 19:38:34 0 [ERROR] InnoDB: If you are installing InnoDB, remember that you must create directories yourself, InnoDB does not create them.
2023-02-05 19:38:34 0 [ERROR] InnoDB: Cannot open datafile for read-only: '.\phpmyadmin\pma__relation.ibd' OS error: 203
2023-02-05 19:38:34 0 [ERROR] InnoDB: Operating system error number 203 in a file operation.
2023-02-05 19:38:34 0 [Note] InnoDB: Some operating system error numbers are described at https://mariadb.com/kb/en/library/operating-system-error-codes/
2023-02-05 19:38:34 0 [ERROR] InnoDB: Could not find a valid tablespace file for ``phpmyadmin`.`pma__relation``. Please refer to https://mariadb.com/kb/en/innodb-data-dictionary-troubleshooting/ for how to resolve the issue.
2023-02-05 19:38:34 0 [Warning] InnoDB: Ignoring tablespace for `phpmyadmin`.`pma__relation` because it could not be opened.
2023-02-05 19:38:34 0 [ERROR] InnoDB: Operating system error number 3 in a file operation.
2023-02-05 19:38:34 0 [ERROR] InnoDB: The error means the system cannot find the path specified.
2023-02-05 19:38:34 0 [ERROR] InnoDB: If you are installing InnoDB, remember that you must create directories yourself, InnoDB does not create them.
2023-02-05 19:38:34 0 [ERROR] InnoDB: Cannot open datafile for read-only: '.\phpmyadmin\pma__savedsearches.ibd' OS error: 203
2023-02-05 19:38:34 0 [ERROR] InnoDB: Operating system error number 203 in a file operation.
2023-02-05 19:38:34 0 [Note] InnoDB: Some operating system error numbers are described at https://mariadb.com/kb/en/library/operating-system-error-codes/
2023-02-05 19:38:34 0 [ERROR] InnoDB: Could not find a valid tablespace file for ``phpmyadmin`.`pma__savedsearches``. Please refer to https://mariadb.com/kb/en/innodb-data-dictionary-troubleshooting/ for how to resolve the issue.
2023-02-05 19:38:34 0 [Warning] InnoDB: Ignoring tablespace for `phpmyadmin`.`pma__savedsearches` because it could not be opened.
2023-02-05 19:38:34 0 [ERROR] InnoDB: Operating system error number 3 in a file operation.
2023-02-05 19:38:34 0 [ERROR] InnoDB: The error means the system cannot find the path specified.
2023-02-05 19:38:34 0 [ERROR] InnoDB: If you are installing InnoDB, remember that you must create directories yourself, InnoDB does not create them.
2023-02-05 19:38:34 0 [ERROR] InnoDB: Cannot open datafile for read-only: '.\phpmyadmin\pma__table_coords.ibd' OS error: 203
2023-02-05 19:38:34 0 [ERROR] InnoDB: Operating system error number 203 in a file operation.
2023-02-05 19:38:34 0 [Note] InnoDB: Some operating system error numbers are described at https://mariadb.com/kb/en/library/operating-system-error-codes/
2023-02-05 19:38:34 0 [ERROR] InnoDB: Could not find a valid tablespace file for ``phpmyadmin`.`pma__table_coords``. Please refer to https://mariadb.com/kb/en/innodb-data-dictionary-troubleshooting/ for how to resolve the issue.
2023-02-05 19:38:34 0 [Warning] InnoDB: Ignoring tablespace for `phpmyadmin`.`pma__table_coords` because it could not be opened.
2023-02-05 19:38:34 0 [ERROR] InnoDB: Operating system error number 3 in a file operation.
2023-02-05 19:38:34 0 [ERROR] InnoDB: The error means the system cannot find the path specified.
2023-02-05 19:38:34 0 [ERROR] InnoDB: If you are installing InnoDB, remember that you must create directories yourself, InnoDB does not create them.
2023-02-05 19:38:34 0 [ERROR] InnoDB: Cannot open datafile for read-only: '.\phpmyadmin\pma__table_info.ibd' OS error: 203
2023-02-05 19:38:34 0 [ERROR] InnoDB: Operating system error number 203 in a file operation.
2023-02-05 19:38:34 0 [Note] InnoDB: Some operating system error numbers are described at https://mariadb.com/kb/en/library/operating-system-error-codes/
2023-02-05 19:38:34 0 [ERROR] InnoDB: Could not find a valid tablespace file for ``phpmyadmin`.`pma__table_info``. Please refer to https://mariadb.com/kb/en/innodb-data-dictionary-troubleshooting/ for how to resolve the issue.
2023-02-05 19:38:34 0 [Warning] InnoDB: Ignoring tablespace for `phpmyadmin`.`pma__table_info` because it could not be opened.
2023-02-05 19:38:34 0 [ERROR] InnoDB: Operating system error number 3 in a file operation.
2023-02-05 19:38:34 0 [ERROR] InnoDB: The error means the system cannot find the path specified.
2023-02-05 19:38:34 0 [ERROR] InnoDB: If you are installing InnoDB, remember that you must create directories yourself, InnoDB does not create them.
2023-02-05 19:38:34 0 [ERROR] InnoDB: Cannot open datafile for read-only: '.\phpmyadmin\pma__table_uiprefs.ibd' OS error: 203
2023-02-05 19:38:34 0 [ERROR] InnoDB: Operating system error number 203 in a file operation.
2023-02-05 19:38:34 0 [Note] InnoDB: Some operating system error numbers are described at https://mariadb.com/kb/en/library/operating-system-error-codes/
2023-02-05 19:38:34 0 [ERROR] InnoDB: Could not find a valid tablespace file for ``phpmyadmin`.`pma__table_uiprefs``. Please refer to https://mariadb.com/kb/en/innodb-data-dictionary-troubleshooting/ for how to resolve the issue.
2023-02-05 19:38:34 0 [Warning] InnoDB: Ignoring tablespace for `phpmyadmin`.`pma__table_uiprefs` because it could not be opened.
2023-02-05 19:38:34 0 [ERROR] InnoDB: Operating system error number 3 in a file operation.
2023-02-05 19:38:34 0 [ERROR] InnoDB: The error means the system cannot find the path specified.
2023-02-05 19:38:34 0 [ERROR] InnoDB: If you are installing InnoDB, remember that you must create directories yourself, InnoDB does not create them.
2023-02-05 19:38:34 0 [ERROR] InnoDB: Cannot open datafile for read-only: '.\phpmyadmin\pma__tracking.ibd' OS error: 203
2023-02-05 19:38:34 0 [ERROR] InnoDB: Operating system error number 203 in a file operation.
2023-02-05 19:38:34 0 [Note] InnoDB: Some operating system error numbers are described at https://mariadb.com/kb/en/library/operating-system-error-codes/
2023-02-05 19:38:34 0 [ERROR] InnoDB: Could not find a valid tablespace file for ``phpmyadmin`.`pma__tracking``. Please refer to https://mariadb.com/kb/en/innodb-data-dictionary-troubleshooting/ for how to resolve the issue.
2023-02-05 19:38:34 0 [Warning] InnoDB: Ignoring tablespace for `phpmyadmin`.`pma__tracking` because it could not be opened.
2023-02-05 19:38:34 0 [ERROR] InnoDB: Operating system error number 3 in a file operation.
2023-02-05 19:38:34 0 [ERROR] InnoDB: The error means the system cannot find the path specified.
2023-02-05 19:38:34 0 [ERROR] InnoDB: If you are installing InnoDB, remember that you must create directories yourself, InnoDB does not create them.
2023-02-05 19:38:34 0 [ERROR] InnoDB: Cannot open datafile for read-only: '.\phpmyadmin\pma__userconfig.ibd' OS error: 203
2023-02-05 19:38:34 0 [ERROR] InnoDB: Operating system error number 203 in a file operation.
2023-02-05 19:38:34 0 [Note] InnoDB: Some operating system error numbers are described at https://mariadb.com/kb/en/library/operating-system-error-codes/
2023-02-05 19:38:34 0 [ERROR] InnoDB: Could not find a valid tablespace file for ``phpmyadmin`.`pma__userconfig``. Please refer to https://mariadb.com/kb/en/innodb-data-dictionary-troubleshooting/ for how to resolve the issue.
2023-02-05 19:38:34 0 [Warning] InnoDB: Ignoring tablespace for `phpmyadmin`.`pma__userconfig` because it could not be opened.
2023-02-05 19:38:34 0 [ERROR] InnoDB: Operating system error number 3 in a file operation.
2023-02-05 19:38:34 0 [ERROR] InnoDB: The error means the system cannot find the path specified.
2023-02-05 19:38:34 0 [ERROR] InnoDB: If you are installing InnoDB, remember that you must create directories yourself, InnoDB does not create them.
2023-02-05 19:38:34 0 [ERROR] InnoDB: Cannot open datafile for read-only: '.\phpmyadmin\pma__usergroups.ibd' OS error: 203
2023-02-05 19:38:34 0 [ERROR] InnoDB: Operating system error number 203 in a file operation.
2023-02-05 19:38:34 0 [Note] InnoDB: Some operating system error numbers are described at https://mariadb.com/kb/en/library/operating-system-error-codes/
2023-02-05 19:38:34 0 [ERROR] InnoDB: Could not find a valid tablespace file for ``phpmyadmin`.`pma__usergroups``. Please refer to https://mariadb.com/kb/en/innodb-data-dictionary-troubleshooting/ for how to resolve the issue.
2023-02-05 19:38:34 0 [Warning] InnoDB: Ignoring tablespace for `phpmyadmin`.`pma__usergroups` because it could not be opened.
2023-02-05 19:38:34 0 [ERROR] InnoDB: Operating system error number 3 in a file operation.
2023-02-05 19:38:34 0 [ERROR] InnoDB: The error means the system cannot find the path specified.
2023-02-05 19:38:34 0 [ERROR] InnoDB: If you are installing InnoDB, remember that you must create directories yourself, InnoDB does not create them.
2023-02-05 19:38:34 0 [ERROR] InnoDB: Cannot open datafile for read-only: '.\phpmyadmin\pma__users.ibd' OS error: 203
2023-02-05 19:38:34 0 [ERROR] InnoDB: Operating system error number 203 in a file operation.
2023-02-05 19:38:34 0 [Note] InnoDB: Some operating system error numbers are described at https://mariadb.com/kb/en/library/operating-system-error-codes/
2023-02-05 19:38:34 0 [ERROR] InnoDB: Could not find a valid tablespace file for ``phpmyadmin`.`pma__users``. Please refer to https://mariadb.com/kb/en/innodb-data-dictionary-troubleshooting/ for how to resolve the issue.
2023-02-05 19:38:34 0 [Warning] InnoDB: Ignoring tablespace for `phpmyadmin`.`pma__users` because it could not be opened.
2023-02-05 19:38:34 0 [Note] InnoDB: 128 out of 128 rollback segments are active.
2023-02-05 19:38:34 0 [Note] InnoDB: Creating shared tablespace for temporary tables
2023-02-05 19:38:34 0 [Note] InnoDB: Setting file 'C:\Users\josue\Downloads\MoodleWindowsInstaller-latest\server\mysql\data\ibtmp1' size to 12 MB. Physically writing the file full; Please wait ...
2023-02-05 19:38:34 0 [Note] InnoDB: File 'C:\Users\josue\Downloads\MoodleWindowsInstaller-latest\server\mysql\data\ibtmp1' size is now 12 MB.
2023-02-05 19:38:34 0 [Note] InnoDB: Waiting for purge to start
2023-02-05 19:38:34 0 [Note] InnoDB: 10.4.27 started; log sequence number 17055092; transaction id 33341
2023-02-05 19:38:34 0 [Note] InnoDB: Loading buffer pool(s) from C:\Users\josue\Downloads\MoodleWindowsInstaller-latest\server\mysql\data\ib_buffer_pool
2023-02-05 19:38:34 0 [Note] Plugin 'FEEDBACK' is disabled.
2023-02-05 19:38:34 0 [Note] Server socket created on IP: '::'.
2023-02-05 19:38:34 0 [Note] Reading of all Master_info entries succeeded
2023-02-05 19:38:34 0 [Note] Added new Master_info '' to hash table
2023-02-05 19:38:34 0 [Note] mysql\bin\mysqld.exe: ready for connections.
Version: '10.4.27-MariaDB'  socket: ''  port: 3306  mariadb.org binary distribution
2023-02-05 19:38:35 0 [Note] InnoDB: Buffer pool(s) load completed at 230205 19:38:35
2023-02-05 19:38:57 0 [Note] mysql\bin\mysqld.exe (initiated by: unknown): Normal shutdown
2023-02-05 19:38:57 0 [Note] Event Scheduler: Purging the queue. 0 events
2023-02-05 19:38:57 0 [Note] InnoDB: FTS optimize thread exiting.
2023-02-05 19:38:57 0 [Note] InnoDB: Starting shutdown...
2023-02-05 19:38:57 0 [Note] InnoDB: Dumping buffer pool(s) to C:\Users\josue\Downloads\MoodleWindowsInstaller-latest\server\mysql\data\ib_buffer_pool
2023-02-05 19:38:57 0 [Note] InnoDB: Buffer pool(s) dump completed at 230205 19:38:57
2023-02-05 19:38:58 0 [Note] InnoDB: Removed temporary tablespace data file: "ibtmp1"
2023-02-05 19:38:58 0 [Note] InnoDB: Shutdown completed; log sequence number 17055950; transaction id 33362
2023-02-05 19:38:58 0 [Note] mysql\bin\mysqld.exe: Shutdown complete

2023-02-06 11:01:14 0 [Note] InnoDB: Mutexes and rw_locks use Windows interlocked functions
2023-02-06 11:01:14 0 [Note] InnoDB: Uses event mutexes
2023-02-06 11:01:14 0 [Note] InnoDB: Compressed tables use zlib 1.2.12
2023-02-06 11:01:14 0 [Note] InnoDB: Number of pools: 1
2023-02-06 11:01:14 0 [Note] InnoDB: Using SSE2 crc32 instructions
2023-02-06 11:01:14 0 [Note] InnoDB: Initializing buffer pool, total size = 256M, instances = 1, chunk size = 128M
2023-02-06 11:01:14 0 [Note] InnoDB: Completed initialization of buffer pool
2023-02-06 11:01:16 0 [ERROR] InnoDB: Operating system error number 3 in a file operation.
2023-02-06 11:01:16 0 [ERROR] InnoDB: The error means the system cannot find the path specified.
2023-02-06 11:01:16 0 [ERROR] InnoDB: If you are installing InnoDB, remember that you must create directories yourself, InnoDB does not create them.
2023-02-06 11:01:16 0 [ERROR] InnoDB: Cannot open datafile for read-only: '.\phpmyadmin\pma__bookmark.ibd' OS error: 203
2023-02-06 11:01:16 0 [ERROR] InnoDB: Operating system error number 203 in a file operation.
2023-02-06 11:01:16 0 [Note] InnoDB: Some operating system error numbers are described at https://mariadb.com/kb/en/library/operating-system-error-codes/
2023-02-06 11:01:16 0 [ERROR] InnoDB: Could not find a valid tablespace file for ``phpmyadmin`.`pma__bookmark``. Please refer to https://mariadb.com/kb/en/innodb-data-dictionary-troubleshooting/ for how to resolve the issue.
2023-02-06 11:01:16 0 [Warning] InnoDB: Ignoring tablespace for `phpmyadmin`.`pma__bookmark` because it could not be opened.
2023-02-06 11:01:16 0 [ERROR] InnoDB: Operating system error number 3 in a file operation.
2023-02-06 11:01:16 0 [ERROR] InnoDB: The error means the system cannot find the path specified.
2023-02-06 11:01:16 0 [ERROR] InnoDB: If you are installing InnoDB, remember that you must create directories yourself, InnoDB does not create them.
2023-02-06 11:01:16 0 [ERROR] InnoDB: Cannot open datafile for read-only: '.\phpmyadmin\pma__central_columns.ibd' OS error: 203
2023-02-06 11:01:16 0 [ERROR] InnoDB: Operating system error number 203 in a file operation.
2023-02-06 11:01:16 0 [Note] InnoDB: Some operating system error numbers are described at https://mariadb.com/kb/en/library/operating-system-error-codes/
2023-02-06 11:01:16 0 [ERROR] InnoDB: Could not find a valid tablespace file for ``phpmyadmin`.`pma__central_columns``. Please refer to https://mariadb.com/kb/en/innodb-data-dictionary-troubleshooting/ for how to resolve the issue.
2023-02-06 11:01:16 0 [Warning] InnoDB: Ignoring tablespace for `phpmyadmin`.`pma__central_columns` because it could not be opened.
2023-02-06 11:01:16 0 [ERROR] InnoDB: Operating system error number 3 in a file operation.
2023-02-06 11:01:16 0 [ERROR] InnoDB: The error means the system cannot find the path specified.
2023-02-06 11:01:16 0 [ERROR] InnoDB: If you are installing InnoDB, remember that you must create directories yourself, InnoDB does not create them.
2023-02-06 11:01:16 0 [ERROR] InnoDB: Cannot open datafile for read-only: '.\phpmyadmin\pma__column_info.ibd' OS error: 203
2023-02-06 11:01:16 0 [ERROR] InnoDB: Operating system error number 203 in a file operation.
2023-02-06 11:01:16 0 [Note] InnoDB: Some operating system error numbers are described at https://mariadb.com/kb/en/library/operating-system-error-codes/
2023-02-06 11:01:16 0 [ERROR] InnoDB: Could not find a valid tablespace file for ``phpmyadmin`.`pma__column_info``. Please refer to https://mariadb.com/kb/en/innodb-data-dictionary-troubleshooting/ for how to resolve the issue.
2023-02-06 11:01:16 0 [Warning] InnoDB: Ignoring tablespace for `phpmyadmin`.`pma__column_info` because it could not be opened.
2023-02-06 11:01:16 0 [ERROR] InnoDB: Operating system error number 3 in a file operation.
2023-02-06 11:01:16 0 [ERROR] InnoDB: The error means the system cannot find the path specified.
2023-02-06 11:01:16 0 [ERROR] InnoDB: If you are installing InnoDB, remember that you must create directories yourself, InnoDB does not create them.
2023-02-06 11:01:16 0 [ERROR] InnoDB: Cannot open datafile for read-only: '.\phpmyadmin\pma__designer_settings.ibd' OS error: 203
2023-02-06 11:01:16 0 [ERROR] InnoDB: Operating system error number 203 in a file operation.
2023-02-06 11:01:16 0 [Note] InnoDB: Some operating system error numbers are described at https://mariadb.com/kb/en/library/operating-system-error-codes/
2023-02-06 11:01:16 0 [ERROR] InnoDB: Could not find a valid tablespace file for ``phpmyadmin`.`pma__designer_settings``. Please refer to https://mariadb.com/kb/en/innodb-data-dictionary-troubleshooting/ for how to resolve the issue.
2023-02-06 11:01:16 0 [Warning] InnoDB: Ignoring tablespace for `phpmyadmin`.`pma__designer_settings` because it could not be opened.
2023-02-06 11:01:16 0 [ERROR] InnoDB: Operating system error number 3 in a file operation.
2023-02-06 11:01:16 0 [ERROR] InnoDB: The error means the system cannot find the path specified.
2023-02-06 11:01:16 0 [ERROR] InnoDB: If you are installing InnoDB, remember that you must create directories yourself, InnoDB does not create them.
2023-02-06 11:01:16 0 [ERROR] InnoDB: Cannot open datafile for read-only: '.\phpmyadmin\pma__export_templates.ibd' OS error: 203
2023-02-06 11:01:16 0 [ERROR] InnoDB: Operating system error number 203 in a file operation.
2023-02-06 11:01:16 0 [Note] InnoDB: Some operating system error numbers are described at https://mariadb.com/kb/en/library/operating-system-error-codes/
2023-02-06 11:01:16 0 [ERROR] InnoDB: Could not find a valid tablespace file for ``phpmyadmin`.`pma__export_templates``. Please refer to https://mariadb.com/kb/en/innodb-data-dictionary-troubleshooting/ for how to resolve the issue.
2023-02-06 11:01:16 0 [Warning] InnoDB: Ignoring tablespace for `phpmyadmin`.`pma__export_templates` because it could not be opened.
2023-02-06 11:01:16 0 [ERROR] InnoDB: Operating system error number 3 in a file operation.
2023-02-06 11:01:16 0 [ERROR] InnoDB: The error means the system cannot find the path specified.
2023-02-06 11:01:16 0 [ERROR] InnoDB: If you are installing InnoDB, remember that you must create directories yourself, InnoDB does not create them.
2023-02-06 11:01:16 0 [ERROR] InnoDB: Cannot open datafile for read-only: '.\phpmyadmin\pma__favorite.ibd' OS error: 203
2023-02-06 11:01:16 0 [ERROR] InnoDB: Operating system error number 203 in a file operation.
2023-02-06 11:01:16 0 [Note] InnoDB: Some operating system error numbers are described at https://mariadb.com/kb/en/library/operating-system-error-codes/
2023-02-06 11:01:16 0 [ERROR] InnoDB: Could not find a valid tablespace file for ``phpmyadmin`.`pma__favorite``. Please refer to https://mariadb.com/kb/en/innodb-data-dictionary-troubleshooting/ for how to resolve the issue.
2023-02-06 11:01:16 0 [Warning] InnoDB: Ignoring tablespace for `phpmyadmin`.`pma__favorite` because it could not be opened.
2023-02-06 11:01:16 0 [ERROR] InnoDB: Operating system error number 3 in a file operation.
2023-02-06 11:01:16 0 [ERROR] InnoDB: The error means the system cannot find the path specified.
2023-02-06 11:01:16 0 [ERROR] InnoDB: If you are installing InnoDB, remember that you must create directories yourself, InnoDB does not create them.
2023-02-06 11:01:16 0 [ERROR] InnoDB: Cannot open datafile for read-only: '.\phpmyadmin\pma__history.ibd' OS error: 203
2023-02-06 11:01:16 0 [ERROR] InnoDB: Operating system error number 203 in a file operation.
2023-02-06 11:01:16 0 [Note] InnoDB: Some operating system error numbers are described at https://mariadb.com/kb/en/library/operating-system-error-codes/
2023-02-06 11:01:16 0 [ERROR] InnoDB: Could not find a valid tablespace file for ``phpmyadmin`.`pma__history``. Please refer to https://mariadb.com/kb/en/innodb-data-dictionary-troubleshooting/ for how to resolve the issue.
2023-02-06 11:01:16 0 [Warning] InnoDB: Ignoring tablespace for `phpmyadmin`.`pma__history` because it could not be opened.
2023-02-06 11:01:16 0 [ERROR] InnoDB: Operating system error number 3 in a file operation.
2023-02-06 11:01:16 0 [ERROR] InnoDB: The error means the system cannot find the path specified.
2023-02-06 11:01:16 0 [ERROR] InnoDB: If you are installing InnoDB, remember that you must create directories yourself, InnoDB does not create them.
2023-02-06 11:01:16 0 [ERROR] InnoDB: Cannot open datafile for read-only: '.\phpmyadmin\pma__navigationhiding.ibd' OS error: 203
2023-02-06 11:01:16 0 [ERROR] InnoDB: Operating system error number 203 in a file operation.
2023-02-06 11:01:16 0 [Note] InnoDB: Some operating system error numbers are described at https://mariadb.com/kb/en/library/operating-system-error-codes/
2023-02-06 11:01:16 0 [ERROR] InnoDB: Could not find a valid tablespace file for ``phpmyadmin`.`pma__navigationhiding``. Please refer to https://mariadb.com/kb/en/innodb-data-dictionary-troubleshooting/ for how to resolve the issue.
2023-02-06 11:01:16 0 [Warning] InnoDB: Ignoring tablespace for `phpmyadmin`.`pma__navigationhiding` because it could not be opened.
2023-02-06 11:01:16 0 [ERROR] InnoDB: Operating system error number 3 in a file operation.
2023-02-06 11:01:16 0 [ERROR] InnoDB: The error means the system cannot find the path specified.
2023-02-06 11:01:16 0 [ERROR] InnoDB: If you are installing InnoDB, remember that you must create directories yourself, InnoDB does not create them.
2023-02-06 11:01:16 0 [ERROR] InnoDB: Cannot open datafile for read-only: '.\phpmyadmin\pma__pdf_pages.ibd' OS error: 203
2023-02-06 11:01:16 0 [ERROR] InnoDB: Operating system error number 203 in a file operation.
2023-02-06 11:01:16 0 [Note] InnoDB: Some operating system error numbers are described at https://mariadb.com/kb/en/library/operating-system-error-codes/
2023-02-06 11:01:16 0 [ERROR] InnoDB: Could not find a valid tablespace file for ``phpmyadmin`.`pma__pdf_pages``. Please refer to https://mariadb.com/kb/en/innodb-data-dictionary-troubleshooting/ for how to resolve the issue.
2023-02-06 11:01:16 0 [Warning] InnoDB: Ignoring tablespace for `phpmyadmin`.`pma__pdf_pages` because it could not be opened.
2023-02-06 11:01:16 0 [ERROR] InnoDB: Operating system error number 3 in a file operation.
2023-02-06 11:01:16 0 [ERROR] InnoDB: The error means the system cannot find the path specified.
2023-02-06 11:01:16 0 [ERROR] InnoDB: If you are installing InnoDB, remember that you must create directories yourself, InnoDB does not create them.
2023-02-06 11:01:16 0 [ERROR] InnoDB: Cannot open datafile for read-only: '.\phpmyadmin\pma__recent.ibd' OS error: 203
2023-02-06 11:01:16 0 [ERROR] InnoDB: Operating system error number 203 in a file operation.
2023-02-06 11:01:16 0 [Note] InnoDB: Some operating system error numbers are described at https://mariadb.com/kb/en/library/operating-system-error-codes/
2023-02-06 11:01:16 0 [ERROR] InnoDB: Could not find a valid tablespace file for ``phpmyadmin`.`pma__recent``. Please refer to https://mariadb.com/kb/en/innodb-data-dictionary-troubleshooting/ for how to resolve the issue.
2023-02-06 11:01:16 0 [Warning] InnoDB: Ignoring tablespace for `phpmyadmin`.`pma__recent` because it could not be opened.
2023-02-06 11:01:16 0 [ERROR] InnoDB: Operating system error number 3 in a file operation.
2023-02-06 11:01:16 0 [ERROR] InnoDB: The error means the system cannot find the path specified.
2023-02-06 11:01:16 0 [ERROR] InnoDB: If you are installing InnoDB, remember that you must create directories yourself, InnoDB does not create them.
2023-02-06 11:01:16 0 [ERROR] InnoDB: Cannot open datafile for read-only: '.\phpmyadmin\pma__relation.ibd' OS error: 203
2023-02-06 11:01:16 0 [ERROR] InnoDB: Operating system error number 203 in a file operation.
2023-02-06 11:01:16 0 [Note] InnoDB: Some operating system error numbers are described at https://mariadb.com/kb/en/library/operating-system-error-codes/
2023-02-06 11:01:16 0 [ERROR] InnoDB: Could not find a valid tablespace file for ``phpmyadmin`.`pma__relation``. Please refer to https://mariadb.com/kb/en/innodb-data-dictionary-troubleshooting/ for how to resolve the issue.
2023-02-06 11:01:16 0 [Warning] InnoDB: Ignoring tablespace for `phpmyadmin`.`pma__relation` because it could not be opened.
2023-02-06 11:01:16 0 [ERROR] InnoDB: Operating system error number 3 in a file operation.
2023-02-06 11:01:16 0 [ERROR] InnoDB: The error means the system cannot find the path specified.
2023-02-06 11:01:16 0 [ERROR] InnoDB: If you are installing InnoDB, remember that you must create directories yourself, InnoDB does not create them.
2023-02-06 11:01:16 0 [ERROR] InnoDB: Cannot open datafile for read-only: '.\phpmyadmin\pma__savedsearches.ibd' OS error: 203
2023-02-06 11:01:16 0 [ERROR] InnoDB: Operating system error number 203 in a file operation.
2023-02-06 11:01:16 0 [Note] InnoDB: Some operating system error numbers are described at https://mariadb.com/kb/en/library/operating-system-error-codes/
2023-02-06 11:01:16 0 [ERROR] InnoDB: Could not find a valid tablespace file for ``phpmyadmin`.`pma__savedsearches``. Please refer to https://mariadb.com/kb/en/innodb-data-dictionary-troubleshooting/ for how to resolve the issue.
2023-02-06 11:01:16 0 [Warning] InnoDB: Ignoring tablespace for `phpmyadmin`.`pma__savedsearches` because it could not be opened.
2023-02-06 11:01:16 0 [ERROR] InnoDB: Operating system error number 3 in a file operation.
2023-02-06 11:01:16 0 [ERROR] InnoDB: The error means the system cannot find the path specified.
2023-02-06 11:01:16 0 [ERROR] InnoDB: If you are installing InnoDB, remember that you must create directories yourself, InnoDB does not create them.
2023-02-06 11:01:16 0 [ERROR] InnoDB: Cannot open datafile for read-only: '.\phpmyadmin\pma__table_coords.ibd' OS error: 203
2023-02-06 11:01:16 0 [ERROR] InnoDB: Operating system error number 203 in a file operation.
2023-02-06 11:01:16 0 [Note] InnoDB: Some operating system error numbers are described at https://mariadb.com/kb/en/library/operating-system-error-codes/
2023-02-06 11:01:16 0 [ERROR] InnoDB: Could not find a valid tablespace file for ``phpmyadmin`.`pma__table_coords``. Please refer to https://mariadb.com/kb/en/innodb-data-dictionary-troubleshooting/ for how to resolve the issue.
2023-02-06 11:01:16 0 [Warning] InnoDB: Ignoring tablespace for `phpmyadmin`.`pma__table_coords` because it could not be opened.
2023-02-06 11:01:16 0 [ERROR] InnoDB: Operating system error number 3 in a file operation.
2023-02-06 11:01:16 0 [ERROR] InnoDB: The error means the system cannot find the path specified.
2023-02-06 11:01:16 0 [ERROR] InnoDB: If you are installing InnoDB, remember that you must create directories yourself, InnoDB does not create them.
2023-02-06 11:01:16 0 [ERROR] InnoDB: Cannot open datafile for read-only: '.\phpmyadmin\pma__table_info.ibd' OS error: 203
2023-02-06 11:01:16 0 [ERROR] InnoDB: Operating system error number 203 in a file operation.
2023-02-06 11:01:16 0 [Note] InnoDB: Some operating system error numbers are described at https://mariadb.com/kb/en/library/operating-system-error-codes/
2023-02-06 11:01:16 0 [ERROR] InnoDB: Could not find a valid tablespace file for ``phpmyadmin`.`pma__table_info``. Please refer to https://mariadb.com/kb/en/innodb-data-dictionary-troubleshooting/ for how to resolve the issue.
2023-02-06 11:01:16 0 [Warning] InnoDB: Ignoring tablespace for `phpmyadmin`.`pma__table_info` because it could not be opened.
2023-02-06 11:01:16 0 [ERROR] InnoDB: Operating system error number 3 in a file operation.
2023-02-06 11:01:16 0 [ERROR] InnoDB: The error means the system cannot find the path specified.
2023-02-06 11:01:16 0 [ERROR] InnoDB: If you are installing InnoDB, remember that you must create directories yourself, InnoDB does not create them.
2023-02-06 11:01:16 0 [ERROR] InnoDB: Cannot open datafile for read-only: '.\phpmyadmin\pma__table_uiprefs.ibd' OS error: 203
2023-02-06 11:01:16 0 [ERROR] InnoDB: Operating system error number 203 in a file operation.
2023-02-06 11:01:16 0 [Note] InnoDB: Some operating system error numbers are described at https://mariadb.com/kb/en/library/operating-system-error-codes/
2023-02-06 11:01:16 0 [ERROR] InnoDB: Could not find a valid tablespace file for ``phpmyadmin`.`pma__table_uiprefs``. Please refer to https://mariadb.com/kb/en/innodb-data-dictionary-troubleshooting/ for how to resolve the issue.
2023-02-06 11:01:16 0 [Warning] InnoDB: Ignoring tablespace for `phpmyadmin`.`pma__table_uiprefs` because it could not be opened.
2023-02-06 11:01:16 0 [ERROR] InnoDB: Operating system error number 3 in a file operation.
2023-02-06 11:01:16 0 [ERROR] InnoDB: The error means the system cannot find the path specified.
2023-02-06 11:01:16 0 [ERROR] InnoDB: If you are installing InnoDB, remember that you must create directories yourself, InnoDB does not create them.
2023-02-06 11:01:16 0 [ERROR] InnoDB: Cannot open datafile for read-only: '.\phpmyadmin\pma__tracking.ibd' OS error: 203
2023-02-06 11:01:16 0 [ERROR] InnoDB: Operating system error number 203 in a file operation.
2023-02-06 11:01:16 0 [Note] InnoDB: Some operating system error numbers are described at https://mariadb.com/kb/en/library/operating-system-error-codes/
2023-02-06 11:01:16 0 [ERROR] InnoDB: Could not find a valid tablespace file for ``phpmyadmin`.`pma__tracking``. Please refer to https://mariadb.com/kb/en/innodb-data-dictionary-troubleshooting/ for how to resolve the issue.
2023-02-06 11:01:16 0 [Warning] InnoDB: Ignoring tablespace for `phpmyadmin`.`pma__tracking` because it could not be opened.
2023-02-06 11:01:16 0 [ERROR] InnoDB: Operating system error number 3 in a file operation.
2023-02-06 11:01:16 0 [ERROR] InnoDB: The error means the system cannot find the path specified.
2023-02-06 11:01:16 0 [ERROR] InnoDB: If you are installing InnoDB, remember that you must create directories yourself, InnoDB does not create them.
2023-02-06 11:01:16 0 [ERROR] InnoDB: Cannot open datafile for read-only: '.\phpmyadmin\pma__userconfig.ibd' OS error: 203
2023-02-06 11:01:16 0 [ERROR] InnoDB: Operating system error number 203 in a file operation.
2023-02-06 11:01:16 0 [Note] InnoDB: Some operating system error numbers are described at https://mariadb.com/kb/en/library/operating-system-error-codes/
2023-02-06 11:01:16 0 [ERROR] InnoDB: Could not find a valid tablespace file for ``phpmyadmin`.`pma__userconfig``. Please refer to https://mariadb.com/kb/en/innodb-data-dictionary-troubleshooting/ for how to resolve the issue.
2023-02-06 11:01:16 0 [Warning] InnoDB: Ignoring tablespace for `phpmyadmin`.`pma__userconfig` because it could not be opened.
2023-02-06 11:01:16 0 [ERROR] InnoDB: Operating system error number 3 in a file operation.
2023-02-06 11:01:16 0 [ERROR] InnoDB: The error means the system cannot find the path specified.
2023-02-06 11:01:16 0 [ERROR] InnoDB: If you are installing InnoDB, remember that you must create directories yourself, InnoDB does not create them.
2023-02-06 11:01:16 0 [ERROR] InnoDB: Cannot open datafile for read-only: '.\phpmyadmin\pma__usergroups.ibd' OS error: 203
2023-02-06 11:01:16 0 [ERROR] InnoDB: Operating system error number 203 in a file operation.
2023-02-06 11:01:16 0 [Note] InnoDB: Some operating system error numbers are described at https://mariadb.com/kb/en/library/operating-system-error-codes/
2023-02-06 11:01:16 0 [ERROR] InnoDB: Could not find a valid tablespace file for ``phpmyadmin`.`pma__usergroups``. Please refer to https://mariadb.com/kb/en/innodb-data-dictionary-troubleshooting/ for how to resolve the issue.
2023-02-06 11:01:16 0 [Warning] InnoDB: Ignoring tablespace for `phpmyadmin`.`pma__usergroups` because it could not be opened.
2023-02-06 11:01:16 0 [ERROR] InnoDB: Operating system error number 3 in a file operation.
2023-02-06 11:01:16 0 [ERROR] InnoDB: The error means the system cannot find the path specified.
2023-02-06 11:01:16 0 [ERROR] InnoDB: If you are installing InnoDB, remember that you must create directories yourself, InnoDB does not create them.
2023-02-06 11:01:16 0 [ERROR] InnoDB: Cannot open datafile for read-only: '.\phpmyadmin\pma__users.ibd' OS error: 203
2023-02-06 11:01:16 0 [ERROR] InnoDB: Operating system error number 203 in a file operation.
2023-02-06 11:01:16 0 [Note] InnoDB: Some operating system error numbers are described at https://mariadb.com/kb/en/library/operating-system-error-codes/
2023-02-06 11:01:16 0 [ERROR] InnoDB: Could not find a valid tablespace file for ``phpmyadmin`.`pma__users``. Please refer to https://mariadb.com/kb/en/innodb-data-dictionary-troubleshooting/ for how to resolve the issue.
2023-02-06 11:01:16 0 [Warning] InnoDB: Ignoring tablespace for `phpmyadmin`.`pma__users` because it could not be opened.
2023-02-06 11:01:16 0 [Note] InnoDB: 128 out of 128 rollback segments are active.
2023-02-06 11:01:16 0 [Note] InnoDB: Creating shared tablespace for temporary tables
2023-02-06 11:01:16 0 [Note] InnoDB: Setting file 'C:\Users\josue\Downloads\MoodleWindowsInstaller-latest\server\mysql\data\ibtmp1' size to 12 MB. Physically writing the file full; Please wait ...
2023-02-06 11:01:16 0 [Note] InnoDB: File 'C:\Users\josue\Downloads\MoodleWindowsInstaller-latest\server\mysql\data\ibtmp1' size is now 12 MB.
2023-02-06 11:01:16 0 [Note] InnoDB: Waiting for purge to start
2023-02-06 11:01:16 0 [Note] InnoDB: 10.4.27 started; log sequence number 17055950; transaction id 33363
2023-02-06 11:01:16 0 [Note] InnoDB: Loading buffer pool(s) from C:\Users\josue\Downloads\MoodleWindowsInstaller-latest\server\mysql\data\ib_buffer_pool
2023-02-06 11:01:16 0 [Note] Plugin 'FEEDBACK' is disabled.
2023-02-06 11:01:16 0 [Note] Server socket created on IP: '::'.
2023-02-06 11:01:16 0 [Note] Reading of all Master_info entries succeeded
2023-02-06 11:01:16 0 [Note] Added new Master_info '' to hash table
2023-02-06 11:01:16 0 [Note] mysql\bin\mysqld.exe: ready for connections.
Version: '10.4.27-MariaDB'  socket: ''  port: 3306  mariadb.org binary distribution
2023-02-06 11:01:17 0 [Note] InnoDB: Buffer pool(s) load completed at 230206 11:01:17
2023-02-06 11:25:41 0 [Note] mysql\bin\mysqld.exe (initiated by: unknown): Normal shutdown
2023-02-06 11:25:41 0 [Note] Event Scheduler: Purging the queue. 0 events
2023-02-06 11:25:41 0 [Note] InnoDB: FTS optimize thread exiting.
2023-02-06 11:25:42 0 [Note] InnoDB: Starting shutdown...
2023-02-06 11:25:42 0 [Note] InnoDB: Dumping buffer pool(s) to C:\Users\josue\Downloads\MoodleWindowsInstaller-latest\server\mysql\data\ib_buffer_pool
2023-02-06 11:25:42 0 [Note] InnoDB: Buffer pool(s) dump completed at 230206 11:25:42
2023-02-06 11:25:43 0 [Note] InnoDB: Removed temporary tablespace data file: "ibtmp1"
2023-02-06 11:25:43 0 [Note] InnoDB: Shutdown completed; log sequence number 17767159; transaction id 34230
2023-02-06 11:25:43 0 [Note] mysql\bin\mysqld.exe: Shutdown complete

2023-02-06 11:26:29 0 [Note] InnoDB: Mutexes and rw_locks use Windows interlocked functions
2023-02-06 11:26:29 0 [Note] InnoDB: Uses event mutexes
2023-02-06 11:26:29 0 [Note] InnoDB: Compressed tables use zlib 1.2.12
2023-02-06 11:26:29 0 [Note] InnoDB: Number of pools: 1
2023-02-06 11:26:29 0 [Note] InnoDB: Using SSE2 crc32 instructions
2023-02-06 11:26:29 0 [Note] InnoDB: Initializing buffer pool, total size = 256M, instances = 1, chunk size = 128M
2023-02-06 11:26:29 0 [Note] InnoDB: Completed initialization of buffer pool
2023-02-06 11:26:29 0 [ERROR] InnoDB: Operating system error number 3 in a file operation.
2023-02-06 11:26:29 0 [ERROR] InnoDB: The error means the system cannot find the path specified.
2023-02-06 11:26:29 0 [ERROR] InnoDB: If you are installing InnoDB, remember that you must create directories yourself, InnoDB does not create them.
2023-02-06 11:26:29 0 [ERROR] InnoDB: Cannot open datafile for read-only: '.\phpmyadmin\pma__bookmark.ibd' OS error: 203
2023-02-06 11:26:29 0 [ERROR] InnoDB: Operating system error number 203 in a file operation.
2023-02-06 11:26:29 0 [Note] InnoDB: Some operating system error numbers are described at https://mariadb.com/kb/en/library/operating-system-error-codes/
2023-02-06 11:26:29 0 [ERROR] InnoDB: Could not find a valid tablespace file for ``phpmyadmin`.`pma__bookmark``. Please refer to https://mariadb.com/kb/en/innodb-data-dictionary-troubleshooting/ for how to resolve the issue.
2023-02-06 11:26:29 0 [Warning] InnoDB: Ignoring tablespace for `phpmyadmin`.`pma__bookmark` because it could not be opened.
2023-02-06 11:26:29 0 [ERROR] InnoDB: Operating system error number 3 in a file operation.
2023-02-06 11:26:29 0 [ERROR] InnoDB: The error means the system cannot find the path specified.
2023-02-06 11:26:29 0 [ERROR] InnoDB: If you are installing InnoDB, remember that you must create directories yourself, InnoDB does not create them.
2023-02-06 11:26:29 0 [ERROR] InnoDB: Cannot open datafile for read-only: '.\phpmyadmin\pma__central_columns.ibd' OS error: 203
2023-02-06 11:26:29 0 [ERROR] InnoDB: Operating system error number 203 in a file operation.
2023-02-06 11:26:29 0 [Note] InnoDB: Some operating system error numbers are described at https://mariadb.com/kb/en/library/operating-system-error-codes/
2023-02-06 11:26:29 0 [ERROR] InnoDB: Could not find a valid tablespace file for ``phpmyadmin`.`pma__central_columns``. Please refer to https://mariadb.com/kb/en/innodb-data-dictionary-troubleshooting/ for how to resolve the issue.
2023-02-06 11:26:29 0 [Warning] InnoDB: Ignoring tablespace for `phpmyadmin`.`pma__central_columns` because it could not be opened.
2023-02-06 11:26:29 0 [ERROR] InnoDB: Operating system error number 3 in a file operation.
2023-02-06 11:26:29 0 [ERROR] InnoDB: The error means the system cannot find the path specified.
2023-02-06 11:26:29 0 [ERROR] InnoDB: If you are installing InnoDB, remember that you must create directories yourself, InnoDB does not create them.
2023-02-06 11:26:29 0 [ERROR] InnoDB: Cannot open datafile for read-only: '.\phpmyadmin\pma__column_info.ibd' OS error: 203
2023-02-06 11:26:29 0 [ERROR] InnoDB: Operating system error number 203 in a file operation.
2023-02-06 11:26:29 0 [Note] InnoDB: Some operating system error numbers are described at https://mariadb.com/kb/en/library/operating-system-error-codes/
2023-02-06 11:26:29 0 [ERROR] InnoDB: Could not find a valid tablespace file for ``phpmyadmin`.`pma__column_info``. Please refer to https://mariadb.com/kb/en/innodb-data-dictionary-troubleshooting/ for how to resolve the issue.
2023-02-06 11:26:29 0 [Warning] InnoDB: Ignoring tablespace for `phpmyadmin`.`pma__column_info` because it could not be opened.
2023-02-06 11:26:29 0 [ERROR] InnoDB: Operating system error number 3 in a file operation.
2023-02-06 11:26:29 0 [ERROR] InnoDB: The error means the system cannot find the path specified.
2023-02-06 11:26:29 0 [ERROR] InnoDB: If you are installing InnoDB, remember that you must create directories yourself, InnoDB does not create them.
2023-02-06 11:26:29 0 [ERROR] InnoDB: Cannot open datafile for read-only: '.\phpmyadmin\pma__designer_settings.ibd' OS error: 203
2023-02-06 11:26:29 0 [ERROR] InnoDB: Operating system error number 203 in a file operation.
2023-02-06 11:26:29 0 [Note] InnoDB: Some operating system error numbers are described at https://mariadb.com/kb/en/library/operating-system-error-codes/
2023-02-06 11:26:29 0 [ERROR] InnoDB: Could not find a valid tablespace file for ``phpmyadmin`.`pma__designer_settings``. Please refer to https://mariadb.com/kb/en/innodb-data-dictionary-troubleshooting/ for how to resolve the issue.
2023-02-06 11:26:29 0 [Warning] InnoDB: Ignoring tablespace for `phpmyadmin`.`pma__designer_settings` because it could not be opened.
2023-02-06 11:26:29 0 [ERROR] InnoDB: Operating system error number 3 in a file operation.
2023-02-06 11:26:29 0 [ERROR] InnoDB: The error means the system cannot find the path specified.
2023-02-06 11:26:29 0 [ERROR] InnoDB: If you are installing InnoDB, remember that you must create directories yourself, InnoDB does not create them.
2023-02-06 11:26:29 0 [ERROR] InnoDB: Cannot open datafile for read-only: '.\phpmyadmin\pma__export_templates.ibd' OS error: 203
2023-02-06 11:26:29 0 [ERROR] InnoDB: Operating system error number 203 in a file operation.
2023-02-06 11:26:29 0 [Note] InnoDB: Some operating system error numbers are described at https://mariadb.com/kb/en/library/operating-system-error-codes/
2023-02-06 11:26:29 0 [ERROR] InnoDB: Could not find a valid tablespace file for ``phpmyadmin`.`pma__export_templates``. Please refer to https://mariadb.com/kb/en/innodb-data-dictionary-troubleshooting/ for how to resolve the issue.
2023-02-06 11:26:29 0 [Warning] InnoDB: Ignoring tablespace for `phpmyadmin`.`pma__export_templates` because it could not be opened.
2023-02-06 11:26:29 0 [ERROR] InnoDB: Operating system error number 3 in a file operation.
2023-02-06 11:26:29 0 [ERROR] InnoDB: The error means the system cannot find the path specified.
2023-02-06 11:26:29 0 [ERROR] InnoDB: If you are installing InnoDB, remember that you must create directories yourself, InnoDB does not create them.
2023-02-06 11:26:29 0 [ERROR] InnoDB: Cannot open datafile for read-only: '.\phpmyadmin\pma__favorite.ibd' OS error: 203
2023-02-06 11:26:29 0 [ERROR] InnoDB: Operating system error number 203 in a file operation.
2023-02-06 11:26:29 0 [Note] InnoDB: Some operating system error numbers are described at https://mariadb.com/kb/en/library/operating-system-error-codes/
2023-02-06 11:26:29 0 [ERROR] InnoDB: Could not find a valid tablespace file for ``phpmyadmin`.`pma__favorite``. Please refer to https://mariadb.com/kb/en/innodb-data-dictionary-troubleshooting/ for how to resolve the issue.
2023-02-06 11:26:29 0 [Warning] InnoDB: Ignoring tablespace for `phpmyadmin`.`pma__favorite` because it could not be opened.
2023-02-06 11:26:29 0 [ERROR] InnoDB: Operating system error number 3 in a file operation.
2023-02-06 11:26:29 0 [ERROR] InnoDB: The error means the system cannot find the path specified.
2023-02-06 11:26:29 0 [ERROR] InnoDB: If you are installing InnoDB, remember that you must create directories yourself, InnoDB does not create them.
2023-02-06 11:26:29 0 [ERROR] InnoDB: Cannot open datafile for read-only: '.\phpmyadmin\pma__history.ibd' OS error: 203
2023-02-06 11:26:29 0 [ERROR] InnoDB: Operating system error number 203 in a file operation.
2023-02-06 11:26:29 0 [Note] InnoDB: Some operating system error numbers are described at https://mariadb.com/kb/en/library/operating-system-error-codes/
2023-02-06 11:26:29 0 [ERROR] InnoDB: Could not find a valid tablespace file for ``phpmyadmin`.`pma__history``. Please refer to https://mariadb.com/kb/en/innodb-data-dictionary-troubleshooting/ for how to resolve the issue.
2023-02-06 11:26:29 0 [Warning] InnoDB: Ignoring tablespace for `phpmyadmin`.`pma__history` because it could not be opened.
2023-02-06 11:26:29 0 [ERROR] InnoDB: Operating system error number 3 in a file operation.
2023-02-06 11:26:29 0 [ERROR] InnoDB: The error means the system cannot find the path specified.
2023-02-06 11:26:29 0 [ERROR] InnoDB: If you are installing InnoDB, remember that you must create directories yourself, InnoDB does not create them.
2023-02-06 11:26:29 0 [ERROR] InnoDB: Cannot open datafile for read-only: '.\phpmyadmin\pma__navigationhiding.ibd' OS error: 203
2023-02-06 11:26:29 0 [ERROR] InnoDB: Operating system error number 203 in a file operation.
2023-02-06 11:26:29 0 [Note] InnoDB: Some operating system error numbers are described at https://mariadb.com/kb/en/library/operating-system-error-codes/
2023-02-06 11:26:29 0 [ERROR] InnoDB: Could not find a valid tablespace file for ``phpmyadmin`.`pma__navigationhiding``. Please refer to https://mariadb.com/kb/en/innodb-data-dictionary-troubleshooting/ for how to resolve the issue.
2023-02-06 11:26:29 0 [Warning] InnoDB: Ignoring tablespace for `phpmyadmin`.`pma__navigationhiding` because it could not be opened.
2023-02-06 11:26:29 0 [ERROR] InnoDB: Operating system error number 3 in a file operation.
2023-02-06 11:26:29 0 [ERROR] InnoDB: The error means the system cannot find the path specified.
2023-02-06 11:26:29 0 [ERROR] InnoDB: If you are installing InnoDB, remember that you must create directories yourself, InnoDB does not create them.
2023-02-06 11:26:29 0 [ERROR] InnoDB: Cannot open datafile for read-only: '.\phpmyadmin\pma__pdf_pages.ibd' OS error: 203
2023-02-06 11:26:29 0 [ERROR] InnoDB: Operating system error number 203 in a file operation.
2023-02-06 11:26:29 0 [Note] InnoDB: Some operating system error numbers are described at https://mariadb.com/kb/en/library/operating-system-error-codes/
2023-02-06 11:26:29 0 [ERROR] InnoDB: Could not find a valid tablespace file for ``phpmyadmin`.`pma__pdf_pages``. Please refer to https://mariadb.com/kb/en/innodb-data-dictionary-troubleshooting/ for how to resolve the issue.
2023-02-06 11:26:29 0 [Warning] InnoDB: Ignoring tablespace for `phpmyadmin`.`pma__pdf_pages` because it could not be opened.
2023-02-06 11:26:29 0 [ERROR] InnoDB: Operating system error number 3 in a file operation.
2023-02-06 11:26:29 0 [ERROR] InnoDB: The error means the system cannot find the path specified.
2023-02-06 11:26:29 0 [ERROR] InnoDB: If you are installing InnoDB, remember that you must create directories yourself, InnoDB does not create them.
2023-02-06 11:26:29 0 [ERROR] InnoDB: Cannot open datafile for read-only: '.\phpmyadmin\pma__recent.ibd' OS error: 203
2023-02-06 11:26:29 0 [ERROR] InnoDB: Operating system error number 203 in a file operation.
2023-02-06 11:26:29 0 [Note] InnoDB: Some operating system error numbers are described at https://mariadb.com/kb/en/library/operating-system-error-codes/
2023-02-06 11:26:29 0 [ERROR] InnoDB: Could not find a valid tablespace file for ``phpmyadmin`.`pma__recent``. Please refer to https://mariadb.com/kb/en/innodb-data-dictionary-troubleshooting/ for how to resolve the issue.
2023-02-06 11:26:29 0 [Warning] InnoDB: Ignoring tablespace for `phpmyadmin`.`pma__recent` because it could not be opened.
2023-02-06 11:26:29 0 [ERROR] InnoDB: Operating system error number 3 in a file operation.
2023-02-06 11:26:29 0 [ERROR] InnoDB: The error means the system cannot find the path specified.
2023-02-06 11:26:29 0 [ERROR] InnoDB: If you are installing InnoDB, remember that you must create directories yourself, InnoDB does not create them.
2023-02-06 11:26:29 0 [ERROR] InnoDB: Cannot open datafile for read-only: '.\phpmyadmin\pma__relation.ibd' OS error: 203
2023-02-06 11:26:29 0 [ERROR] InnoDB: Operating system error number 203 in a file operation.
2023-02-06 11:26:29 0 [Note] InnoDB: Some operating system error numbers are described at https://mariadb.com/kb/en/library/operating-system-error-codes/
2023-02-06 11:26:29 0 [ERROR] InnoDB: Could not find a valid tablespace file for ``phpmyadmin`.`pma__relation``. Please refer to https://mariadb.com/kb/en/innodb-data-dictionary-troubleshooting/ for how to resolve the issue.
2023-02-06 11:26:29 0 [Warning] InnoDB: Ignoring tablespace for `phpmyadmin`.`pma__relation` because it could not be opened.
2023-02-06 11:26:29 0 [ERROR] InnoDB: Operating system error number 3 in a file operation.
2023-02-06 11:26:29 0 [ERROR] InnoDB: The error means the system cannot find the path specified.
2023-02-06 11:26:29 0 [ERROR] InnoDB: If you are installing InnoDB, remember that you must create directories yourself, InnoDB does not create them.
2023-02-06 11:26:29 0 [ERROR] InnoDB: Cannot open datafile for read-only: '.\phpmyadmin\pma__savedsearches.ibd' OS error: 203
2023-02-06 11:26:29 0 [ERROR] InnoDB: Operating system error number 203 in a file operation.
2023-02-06 11:26:29 0 [Note] InnoDB: Some operating system error numbers are described at https://mariadb.com/kb/en/library/operating-system-error-codes/
2023-02-06 11:26:29 0 [ERROR] InnoDB: Could not find a valid tablespace file for ``phpmyadmin`.`pma__savedsearches``. Please refer to https://mariadb.com/kb/en/innodb-data-dictionary-troubleshooting/ for how to resolve the issue.
2023-02-06 11:26:29 0 [Warning] InnoDB: Ignoring tablespace for `phpmyadmin`.`pma__savedsearches` because it could not be opened.
2023-02-06 11:26:29 0 [ERROR] InnoDB: Operating system error number 3 in a file operation.
2023-02-06 11:26:29 0 [ERROR] InnoDB: The error means the system cannot find the path specified.
2023-02-06 11:26:29 0 [ERROR] InnoDB: If you are installing InnoDB, remember that you must create directories yourself, InnoDB does not create them.
2023-02-06 11:26:29 0 [ERROR] InnoDB: Cannot open datafile for read-only: '.\phpmyadmin\pma__table_coords.ibd' OS error: 203
2023-02-06 11:26:29 0 [ERROR] InnoDB: Operating system error number 203 in a file operation.
2023-02-06 11:26:29 0 [Note] InnoDB: Some operating system error numbers are described at https://mariadb.com/kb/en/library/operating-system-error-codes/
2023-02-06 11:26:29 0 [ERROR] InnoDB: Could not find a valid tablespace file for ``phpmyadmin`.`pma__table_coords``. Please refer to https://mariadb.com/kb/en/innodb-data-dictionary-troubleshooting/ for how to resolve the issue.
2023-02-06 11:26:29 0 [Warning] InnoDB: Ignoring tablespace for `phpmyadmin`.`pma__table_coords` because it could not be opened.
2023-02-06 11:26:29 0 [ERROR] InnoDB: Operating system error number 3 in a file operation.
2023-02-06 11:26:29 0 [ERROR] InnoDB: The error means the system cannot find the path specified.
2023-02-06 11:26:29 0 [ERROR] InnoDB: If you are installing InnoDB, remember that you must create directories yourself, InnoDB does not create them.
2023-02-06 11:26:29 0 [ERROR] InnoDB: Cannot open datafile for read-only: '.\phpmyadmin\pma__table_info.ibd' OS error: 203
2023-02-06 11:26:29 0 [ERROR] InnoDB: Operating system error number 203 in a file operation.
2023-02-06 11:26:29 0 [Note] InnoDB: Some operating system error numbers are described at https://mariadb.com/kb/en/library/operating-system-error-codes/
2023-02-06 11:26:29 0 [ERROR] InnoDB: Could not find a valid tablespace file for ``phpmyadmin`.`pma__table_info``. Please refer to https://mariadb.com/kb/en/innodb-data-dictionary-troubleshooting/ for how to resolve the issue.
2023-02-06 11:26:29 0 [Warning] InnoDB: Ignoring tablespace for `phpmyadmin`.`pma__table_info` because it could not be opened.
2023-02-06 11:26:29 0 [ERROR] InnoDB: Operating system error number 3 in a file operation.
2023-02-06 11:26:29 0 [ERROR] InnoDB: The error means the system cannot find the path specified.
2023-02-06 11:26:29 0 [ERROR] InnoDB: If you are installing InnoDB, remember that you must create directories yourself, InnoDB does not create them.
2023-02-06 11:26:29 0 [ERROR] InnoDB: Cannot open datafile for read-only: '.\phpmyadmin\pma__table_uiprefs.ibd' OS error: 203
2023-02-06 11:26:29 0 [ERROR] InnoDB: Operating system error number 203 in a file operation.
2023-02-06 11:26:29 0 [Note] InnoDB: Some operating system error numbers are described at https://mariadb.com/kb/en/library/operating-system-error-codes/
2023-02-06 11:26:29 0 [ERROR] InnoDB: Could not find a valid tablespace file for ``phpmyadmin`.`pma__table_uiprefs``. Please refer to https://mariadb.com/kb/en/innodb-data-dictionary-troubleshooting/ for how to resolve the issue.
2023-02-06 11:26:29 0 [Warning] InnoDB: Ignoring tablespace for `phpmyadmin`.`pma__table_uiprefs` because it could not be opened.
2023-02-06 11:26:29 0 [ERROR] InnoDB: Operating system error number 3 in a file operation.
2023-02-06 11:26:29 0 [ERROR] InnoDB: The error means the system cannot find the path specified.
2023-02-06 11:26:29 0 [ERROR] InnoDB: If you are installing InnoDB, remember that you must create directories yourself, InnoDB does not create them.
2023-02-06 11:26:29 0 [ERROR] InnoDB: Cannot open datafile for read-only: '.\phpmyadmin\pma__tracking.ibd' OS error: 203
2023-02-06 11:26:29 0 [ERROR] InnoDB: Operating system error number 203 in a file operation.
2023-02-06 11:26:29 0 [Note] InnoDB: Some operating system error numbers are described at https://mariadb.com/kb/en/library/operating-system-error-codes/
2023-02-06 11:26:29 0 [ERROR] InnoDB: Could not find a valid tablespace file for ``phpmyadmin`.`pma__tracking``. Please refer to https://mariadb.com/kb/en/innodb-data-dictionary-troubleshooting/ for how to resolve the issue.
2023-02-06 11:26:29 0 [Warning] InnoDB: Ignoring tablespace for `phpmyadmin`.`pma__tracking` because it could not be opened.
2023-02-06 11:26:29 0 [ERROR] InnoDB: Operating system error number 3 in a file operation.
2023-02-06 11:26:29 0 [ERROR] InnoDB: The error means the system cannot find the path specified.
2023-02-06 11:26:29 0 [ERROR] InnoDB: If you are installing InnoDB, remember that you must create directories yourself, InnoDB does not create them.
2023-02-06 11:26:29 0 [ERROR] InnoDB: Cannot open datafile for read-only: '.\phpmyadmin\pma__userconfig.ibd' OS error: 203
2023-02-06 11:26:29 0 [ERROR] InnoDB: Operating system error number 203 in a file operation.
2023-02-06 11:26:29 0 [Note] InnoDB: Some operating system error numbers are described at https://mariadb.com/kb/en/library/operating-system-error-codes/
2023-02-06 11:26:29 0 [ERROR] InnoDB: Could not find a valid tablespace file for ``phpmyadmin`.`pma__userconfig``. Please refer to https://mariadb.com/kb/en/innodb-data-dictionary-troubleshooting/ for how to resolve the issue.
2023-02-06 11:26:29 0 [Warning] InnoDB: Ignoring tablespace for `phpmyadmin`.`pma__userconfig` because it could not be opened.
2023-02-06 11:26:29 0 [ERROR] InnoDB: Operating system error number 3 in a file operation.
2023-02-06 11:26:29 0 [ERROR] InnoDB: The error means the system cannot find the path specified.
2023-02-06 11:26:29 0 [ERROR] InnoDB: If you are installing InnoDB, remember that you must create directories yourself, InnoDB does not create them.
2023-02-06 11:26:29 0 [ERROR] InnoDB: Cannot open datafile for read-only: '.\phpmyadmin\pma__usergroups.ibd' OS error: 203
2023-02-06 11:26:29 0 [ERROR] InnoDB: Operating system error number 203 in a file operation.
2023-02-06 11:26:29 0 [Note] InnoDB: Some operating system error numbers are described at https://mariadb.com/kb/en/library/operating-system-error-codes/
2023-02-06 11:26:29 0 [ERROR] InnoDB: Could not find a valid tablespace file for ``phpmyadmin`.`pma__usergroups``. Please refer to https://mariadb.com/kb/en/innodb-data-dictionary-troubleshooting/ for how to resolve the issue.
2023-02-06 11:26:29 0 [Warning] InnoDB: Ignoring tablespace for `phpmyadmin`.`pma__usergroups` because it could not be opened.
2023-02-06 11:26:29 0 [ERROR] InnoDB: Operating system error number 3 in a file operation.
2023-02-06 11:26:29 0 [ERROR] InnoDB: The error means the system cannot find the path specified.
2023-02-06 11:26:29 0 [ERROR] InnoDB: If you are installing InnoDB, remember that you must create directories yourself, InnoDB does not create them.
2023-02-06 11:26:29 0 [ERROR] InnoDB: Cannot open datafile for read-only: '.\phpmyadmin\pma__users.ibd' OS error: 203
2023-02-06 11:26:29 0 [ERROR] InnoDB: Operating system error number 203 in a file operation.
2023-02-06 11:26:29 0 [Note] InnoDB: Some operating system error numbers are described at https://mariadb.com/kb/en/library/operating-system-error-codes/
2023-02-06 11:26:29 0 [ERROR] InnoDB: Could not find a valid tablespace file for ``phpmyadmin`.`pma__users``. Please refer to https://mariadb.com/kb/en/innodb-data-dictionary-troubleshooting/ for how to resolve the issue.
2023-02-06 11:26:29 0 [Warning] InnoDB: Ignoring tablespace for `phpmyadmin`.`pma__users` because it could not be opened.
2023-02-06 11:26:29 0 [Note] InnoDB: 128 out of 128 rollback segments are active.
2023-02-06 11:26:29 0 [Note] InnoDB: Creating shared tablespace for temporary tables
2023-02-06 11:26:29 0 [Note] InnoDB: Setting file 'C:\Users\josue\Downloads\MoodleWindowsInstaller-latest\server\mysql\data\ibtmp1' size to 12 MB. Physically writing the file full; Please wait ...
2023-02-06 11:26:29 0 [Note] InnoDB: File 'C:\Users\josue\Downloads\MoodleWindowsInstaller-latest\server\mysql\data\ibtmp1' size is now 12 MB.
2023-02-06 11:26:29 0 [Note] InnoDB: Waiting for purge to start
2023-02-06 11:26:29 0 [Note] InnoDB: 10.4.27 started; log sequence number 17767159; transaction id 34231
2023-02-06 11:26:29 0 [Note] InnoDB: Loading buffer pool(s) from C:\Users\josue\Downloads\MoodleWindowsInstaller-latest\server\mysql\data\ib_buffer_pool
2023-02-06 11:26:29 0 [Note] Plugin 'FEEDBACK' is disabled.
2023-02-06 11:26:29 0 [Note] Server socket created on IP: '::'.
2023-02-06 11:26:29 0 [Note] Reading of all Master_info entries succeeded
2023-02-06 11:26:29 0 [Note] Added new Master_info '' to hash table
2023-02-06 11:26:29 0 [Note] mysql\bin\mysqld.exe: ready for connections.
Version: '10.4.27-MariaDB'  socket: ''  port: 3306  mariadb.org binary distribution
2023-02-06 11:26:30 0 [Note] InnoDB: Buffer pool(s) load completed at 230206 11:26:30
2023-02-06 11:45:13 0 [Note] mysql\bin\mysqld.exe (initiated by: unknown): Normal shutdown
2023-02-06 11:45:13 0 [Note] Event Scheduler: Purging the queue. 0 events
2023-02-06 11:45:13 0 [Note] InnoDB: FTS optimize thread exiting.
2023-02-06 11:45:14 0 [Note] InnoDB: Starting shutdown...
2023-02-06 11:45:14 0 [Note] InnoDB: Dumping buffer pool(s) to C:\Users\josue\Downloads\MoodleWindowsInstaller-latest\server\mysql\data\ib_buffer_pool
2023-02-06 11:45:14 0 [Note] InnoDB: Buffer pool(s) dump completed at 230206 11:45:14
2023-02-06 11:45:15 0 [Note] InnoDB: Removed temporary tablespace data file: "ibtmp1"
2023-02-06 11:45:15 0 [Note] InnoDB: Shutdown completed; log sequence number 18846885; transaction id 35777
2023-02-06 11:45:15 0 [Note] mysql\bin\mysqld.exe: Shutdown complete

